--- /dev/null
+++ b/Lib/_ios_support.py
@@ -0,0 +1,36 @@
+from ctypes import cdll, c_void_p, c_char_p
+from ctypes import util
+
+
+def get_platform_ios():
+    objc = cdll.LoadLibrary(util.find_library(b'objc'))
+
+    objc.objc_getClass.restype = c_void_p
+    objc.objc_getClass.argtypes = [c_char_p]
+    objc.objc_msgSend.restype = c_void_p
+    objc.objc_msgSend.argtypes = [c_void_p, c_void_p]
+    objc.sel_registerName.restype = c_void_p
+    objc.sel_registerName.argtypes = [c_char_p]
+
+    UIDevice = c_void_p(objc.objc_getClass(b'UIDevice'))
+    SEL_currentDevice = c_void_p(objc.sel_registerName(b'currentDevice'))
+    device = c_void_p(objc.objc_msgSend(UIDevice, SEL_currentDevice))
+
+    SEL_systemVersion = c_void_p(objc.sel_registerName(b'systemVersion'))
+    systemVersion = c_void_p(objc.objc_msgSend(device, SEL_systemVersion))
+
+    SEL_systemName = c_void_p(objc.sel_registerName(b'systemName'))
+    systemName = c_void_p(objc.objc_msgSend(device, SEL_systemName))
+
+    SEL_model = c_void_p(objc.sel_registerName(b'model'))
+    systemModel = c_void_p(objc.objc_msgSend(device, SEL_model))
+
+    # UTF8String returns a const char*;
+    SEL_UTF8String = c_void_p(objc.sel_registerName(b'UTF8String'))
+    objc.objc_msgSend.restype = c_char_p
+
+    system = objc.objc_msgSend(systemName, SEL_UTF8String).decode()
+    release = objc.objc_msgSend(systemVersion, SEL_UTF8String).decode()
+    model = objc.objc_msgSend(systemModel, SEL_UTF8String).decode()
+
+    return system, release, model
diff --git a/Lib/ctypes/util.py b/Lib/ctypes/util.py
index 0c2510e161..6c3c43f11d 100644
--- a/Lib/ctypes/util.py
+++ b/Lib/ctypes/util.py
@@ -67,7 +67,7 @@
                 return fname
         return None
 
-elif os.name == "posix" and sys.platform == "darwin":
+elif os.name == "posix" and sys.platform in ('darwin', 'ios', 'tvos', 'watchos'):
     from ctypes.macholib.dyld import dyld_find as _dyld_find
     def find_library(name):
         possible = ['lib%s.dylib' % name,
diff --git a/Lib/distutils/tests/test_build_ext.py b/Lib/distutils/tests/test_build_ext.py
index 808c0dc287..a7a7887f70 100644
--- a/Lib/distutils/tests/test_build_ext.py
+++ b/Lib/distutils/tests/test_build_ext.py
@@ -15,6 +15,7 @@
 
 import unittest
 from test import support
+from test.support import os_helper, has_subprocess_support
 from test.support.script_helper import assert_python_ok
 
 # http://bugs.python.org/issue4373
@@ -52,6 +53,7 @@
     def build_ext(self, *args, **kwargs):
         return build_ext(*args, **kwargs)
 
+    @unittest.skipUnless(has_subprocess_support, "distutils cannot spawn child processes")
     def test_build_ext(self):
         cmd = support.missing_compiler_executable()
         if cmd is not None:
@@ -328,6 +330,7 @@
         cmd.run()
         self.assertEqual(cmd.compiler, 'unix')
 
+    @unittest.skipUnless(has_subprocess_support, "distutils cannot spawn child processes")
     def test_get_outputs(self):
         cmd = support.missing_compiler_executable()
         if cmd is not None:
diff --git a/Lib/distutils/tests/test_build_py.py b/Lib/distutils/tests/test_build_py.py
index 0712e92c6a..4c05e8d968 100644
--- a/Lib/distutils/tests/test_build_py.py
+++ b/Lib/distutils/tests/test_build_py.py
@@ -9,7 +9,7 @@
 from distutils.errors import DistutilsFileError
 
 from distutils.tests import support
-from test.support import run_unittest
+from test.support import run_unittest, has_subprocess_support
 
 
 class BuildPyTestCase(support.TempdirManager,
@@ -106,6 +106,7 @@
                          ['boiledeggs.%s.pyc' % sys.implementation.cache_tag])
 
     @unittest.skipIf(sys.dont_write_bytecode, 'byte-compile disabled')
+    @unittest.skipUnless(has_subprocess_support, "distutils cannot spawn child processes")
     def test_byte_compile_optimized(self):
         project_dir, dist = self.create_dist(py_modules=['boiledeggs'])
         os.chdir(project_dir)
diff --git a/Lib/distutils/tests/test_config_cmd.py b/Lib/distutils/tests/test_config_cmd.py
index 8bd2c94237..10f38baa74 100644
--- a/Lib/distutils/tests/test_config_cmd.py
+++ b/Lib/distutils/tests/test_config_cmd.py
@@ -2,7 +2,7 @@
 import unittest
 import os
 import sys
-from test.support import run_unittest, missing_compiler_executable
+from test.support import run_unittest, missing_compiler_executable, has_subprocess_support
 
 from distutils.command.config import dump_file, config
 from distutils.tests import support
@@ -38,6 +38,7 @@
         self.assertEqual(len(self._logs), numlines+1)
 
     @unittest.skipIf(sys.platform == 'win32', "can't test on Windows")
+    @unittest.skipUnless(has_subprocess_support, 'Test requires support for subprocesses.')
     def test_search_cpp(self):
         import shutil
         cmd = missing_compiler_executable(['preprocessor'])
diff --git a/Lib/distutils/tests/test_cygwinccompiler.py b/Lib/distutils/tests/test_cygwinccompiler.py
index 9dc869de4c..9a1b18aba9 100644
--- a/Lib/distutils/tests/test_cygwinccompiler.py
+++ b/Lib/distutils/tests/test_cygwinccompiler.py
@@ -5,11 +5,14 @@
 from io import BytesIO
 from test.support import run_unittest
 
-from distutils import cygwinccompiler
-from distutils.cygwinccompiler import (check_config_h,
-                                       CONFIG_H_OK, CONFIG_H_NOTOK,
-                                       CONFIG_H_UNCERTAIN, get_versions,
-                                       get_msvcr)
+# Importing cygwinccompiler attempts to import other tools
+# that may not exist unless you're on win32.
+if sys.platform == 'win32':
+    from distutils import cygwinccompiler
+    from distutils.cygwinccompiler import (check_config_h,
+                                           CONFIG_H_OK, CONFIG_H_NOTOK,
+                                           CONFIG_H_UNCERTAIN, get_versions,
+                                           get_msvcr)
 from distutils.tests import support
 
 class FakePopen(object):
@@ -25,6 +28,7 @@
             self.stdout = os.popen(cmd, 'r')
 
 
+@unittest.skipUnless(sys.platform == "win32", "These tests are only for win32")
 class CygwinCCompilerTestCase(support.TempdirManager,
                               unittest.TestCase):
 
diff --git a/Lib/distutils/tests/test_install.py b/Lib/distutils/tests/test_install.py
index 287ab1989e..8a5a4e5068 100644
--- a/Lib/distutils/tests/test_install.py
+++ b/Lib/distutils/tests/test_install.py
@@ -5,7 +5,7 @@
 import unittest
 import site
 
-from test.support import captured_stdout, run_unittest
+from test.support import captured_stdout, run_unittest, has_subprocess_support
 
 from distutils import sysconfig
 from distutils.command.install import install
@@ -196,6 +196,7 @@
                     'UNKNOWN-0.0.0-py%s.%s.egg-info' % sys.version_info[:2]]
         self.assertEqual(found, expected)
 
+    @unittest.skipUnless(has_subprocess_support, "distutils cannot spawn child processes")
     def test_record_extensions(self):
         cmd = test_support.missing_compiler_executable()
         if cmd is not None:
diff --git a/Lib/distutils/tests/test_install_lib.py b/Lib/distutils/tests/test_install_lib.py
index fda6315bbc..121664b722 100644
--- a/Lib/distutils/tests/test_install_lib.py
+++ b/Lib/distutils/tests/test_install_lib.py
@@ -8,7 +8,7 @@
 from distutils.extension import Extension
 from distutils.tests import support
 from distutils.errors import DistutilsOptionError
-from test.support import run_unittest
+from test.support import run_unittest, has_subprocess_support
 
 
 class InstallLibTestCase(support.TempdirManager,
@@ -35,6 +35,7 @@
         self.assertEqual(cmd.optimize, 2)
 
     @unittest.skipIf(sys.dont_write_bytecode, 'byte-compile disabled')
+    @unittest.skipUnless(has_subprocess_support, "distutils cannot spawn child processes")
     def test_byte_compile(self):
         project_dir, dist = self.create_dist()
         os.chdir(project_dir)
diff --git a/Lib/distutils/tests/test_spawn.py b/Lib/distutils/tests/test_spawn.py
index f9ae69ef86..67b8e4536d 100644
--- a/Lib/distutils/tests/test_spawn.py
+++ b/Lib/distutils/tests/test_spawn.py
@@ -4,7 +4,7 @@
 import sys
 import unittest
 from unittest import mock
-from test.support import run_unittest, unix_shell
+from test.support import run_unittest, unix_shell, has_subprocess_support
 from test import support as test_support
 
 from distutils.spawn import find_executable
@@ -27,7 +27,7 @@
             self.assertEqual(res, wanted)
 
 
-    @unittest.skipUnless(os.name in ('nt', 'posix'),
+    @unittest.skipUnless(os.name in ('nt', 'posix') and has_subprocess_support,
                          'Runs only under posix or nt')
     def test_spawn(self):
         tmpdir = self.mkdtemp()
diff --git a/Lib/distutils/tests/test_sysconfig.py b/Lib/distutils/tests/test_sysconfig.py
index 236755d095..a941290dc1 100644
--- a/Lib/distutils/tests/test_sysconfig.py
+++ b/Lib/distutils/tests/test_sysconfig.py
@@ -10,7 +10,7 @@
 from distutils import sysconfig
 from distutils.ccompiler import get_default_compiler
 from distutils.tests import support
-from test.support import TESTFN, run_unittest, check_warnings, swap_item
+from test.support import TESTFN, run_unittest, check_warnings, swap_item, has_subprocess_support
 
 class SysconfigTestCase(support.EnvironGuard, unittest.TestCase):
     def setUp(self):
@@ -244,6 +244,7 @@
         self.assertIsNotNone(vars['SO'])
         self.assertEqual(vars['SO'], vars['EXT_SUFFIX'])
 
+    @unittest.skipUnless(has_subprocess_support, 'Test requires support for subprocesses.')
     def test_customize_compiler_before_get_config_vars(self):
         # Issue #21923: test that a Distribution compiler
         # instance can be called without an explicit call to
diff --git a/Lib/distutils/tests/test_util.py b/Lib/distutils/tests/test_util.py
index bf0d4333f9..8a4ba3666a 100644
--- a/Lib/distutils/tests/test_util.py
+++ b/Lib/distutils/tests/test_util.py
@@ -3,7 +3,7 @@
 import sys
 import unittest
 from copy import copy
-from test.support import run_unittest
+from test.support import run_unittest, has_subprocess_support
 from unittest import mock
 
 from distutils.errors import DistutilsPlatformError, DistutilsByteCompileError
@@ -233,6 +233,7 @@
 
         # XXX platforms to be covered: mac
 
+    @unittest.skipUnless(has_subprocess_support, "distutils cannot spawn child processes")
     def test_check_environ(self):
         util._environ_checked = 0
         os.environ.pop('HOME', None)
diff --git a/Lib/importlib/_bootstrap_external.py b/Lib/importlib/_bootstrap_external.py
index 509f99ae8e..2005b88e94 100644
--- a/Lib/importlib/_bootstrap_external.py
+++ b/Lib/importlib/_bootstrap_external.py
@@ -49,7 +49,7 @@
 
 # Bootstrap-related code ######################################################
 _CASE_INSENSITIVE_PLATFORMS_STR_KEY = 'win',
-_CASE_INSENSITIVE_PLATFORMS_BYTES_KEY = 'cygwin', 'darwin'
+_CASE_INSENSITIVE_PLATFORMS_BYTES_KEY = 'cygwin', 'darwin', 'ios', 'tvos', 'watchos'
 _CASE_INSENSITIVE_PLATFORMS =  (_CASE_INSENSITIVE_PLATFORMS_BYTES_KEY
                                 + _CASE_INSENSITIVE_PLATFORMS_STR_KEY)
 
diff --git a/Lib/platform.py b/Lib/platform.py
index b7e7bc439e..0ac5940def 100755
--- a/Lib/platform.py
+++ b/Lib/platform.py
@@ -445,6 +445,34 @@
     # If that also doesn't work return the default values
     return release, versioninfo, machine
 
+
+def iOS_ver():
+    """ Get iOS/tvOS version information, and return it as a
+        tuple (system, release, model). All tuple entries are strings.
+        Equivalent of:
+        system = [[UIDevice currentDevice].systemName] UTF8String]
+        release = [[UIDevice currentDevice].systemVersion] UTF8String]
+        model = [[UIDevice currentDevice].model] UTF8String]
+    """
+    import _ios_support
+    return _ios_support.get_platform_ios()
+
+def is_simulator():
+    """Determine if the current platform is a device simulator.
+    Only useful when working with iOS, tvOS or watchOS, because
+    Apple provides simulator platforms for those devices.
+    If the platform is actual hardware, returns False. Will also
+    return False for device *emulators*, which are indistinguishable
+    from actual devices because they are reproducing actual device
+    properties.
+    """
+    if sys.platform in ('ios', 'tvos', 'watchos'):
+        return sys.implementation._multiarch.endswith('simulator')
+
+    # All other platforms aren't simulators.
+    return False
+
+
 def _java_getprop(name, default):
 
     from java.lang import System
@@ -605,7 +633,7 @@
 
     """ Interface to the system's uname command.
     """
-    if sys.platform in ('dos', 'win32', 'win16'):
+    if sys.platform in ('dos', 'win32', 'win16', 'ios', 'tvos', 'watchos'):
         # XXX Others too ?
         return default
 
@@ -627,7 +655,7 @@
         default in case the command should fail.
 
     """
-    if sys.platform in ('dos', 'win32', 'win16'):
+    if sys.platform in ('dos', 'win32', 'win16', 'ios', 'tvos', 'watchos'):
         # XXX Others too ?
         return default
 
@@ -853,6 +881,18 @@
                 processor = 'Alpha'
             else:
                 processor = 'VAX'
+
+    # Apple mobile platforms
+    if sys.platform in ("ios", "tvos"):
+        system, release, model = iOS_ver()
+        # Simulator devices report as "arm64" or "x86_64";
+        # use the model as the basis for the normalized machine name.
+        if sys.implementation._multiarch.endswith("simulator"):
+            machine = f"{model} Simulator"
+            processor = os.uname().machine
+        else:
+            processor = "arm64"
+
     if not processor:
         # Get processor information from the uname system command
         processor = _syscmd_uname('-p', '')
@@ -876,8 +916,10 @@
         system = 'Windows'
         release = 'Vista'
 
+    # Replace 'unknown' values with the more portable ''
     _uname_cache = uname_result(system, node, release, version,
                                 machine, processor)
+
     return _uname_cache
 
 ### Direct interfaces to some of the uname() return values
@@ -1187,11 +1229,14 @@
         system, release, version = system_alias(system, release, version)
 
     if system == 'Darwin':
-        # macOS (darwin kernel)
-        macos_release = mac_ver()[0]
-        if macos_release:
-            system = 'macOS'
-            release = macos_release
+        # macOS/iOS/tvOS/watchOS (darwin kernel)
+        if sys.platform in ('ios', 'tvos'):
+            system, release, model = iOS_ver()
+        else:
+            macos_release = mac_ver()[0]
+            if macos_release:
+                system = 'macOS'
+                release = macos_release
 
     if system == 'Windows':
         # MS platforms
diff --git a/Lib/site.py b/Lib/site.py
index 9fa21cca38..e346fb4390 100644
--- a/Lib/site.py
+++ b/Lib/site.py
@@ -271,6 +271,9 @@
 
     if sys.platform == 'darwin' and sys._framework:
         return f'{userbase}/lib/python/site-packages'
+    elif sys.platform in ('ios', 'tvos', 'watchos'):
+        from sysconfig import get_path
+        return get_path('purelib', sys.platform)
 
     return f'{userbase}/lib/python{version[0]}.{version[1]}/site-packages'
 
diff --git a/Lib/subprocess.py b/Lib/subprocess.py
index d4d04a5c34..054e937656 100644
--- a/Lib/subprocess.py
+++ b/Lib/subprocess.py
@@ -91,6 +91,8 @@
                     "CREATE_NO_WINDOW", "DETACHED_PROCESS",
                     "CREATE_DEFAULT_ERROR_MODE", "CREATE_BREAKAWAY_FROM_JOB"])
 
+# Some platforms do not support processes
+_can_fork_exec = sys.platform not in {"ios", "tvos", "watchos"}
 
 # Exception classes used by this module.
 class SubprocessError(Exception): pass
@@ -741,6 +743,9 @@
                  restore_signals=True, start_new_session=False,
                  pass_fds=(), *, encoding=None, errors=None, text=None):
         """Create new Popen instance."""
+        if not _can_fork_exec:
+            raise RuntimeError(f"Subprocesses are not supported on {sys.platform}")
+
         _cleanup()
         # Held while anything is calling waitpid before returncode has been
         # updated to prevent clobbering returncode if wait() or poll() are
@@ -1723,7 +1728,7 @@
                 raise SubprocessError("Unknown child exit status!")
 
 
-        def _internal_poll(self, _deadstate=None, _waitpid=os.waitpid,
+        def _internal_poll(self, _deadstate=None, _waitpid=None,
                 _WNOHANG=os.WNOHANG, _ECHILD=errno.ECHILD):
             """Check if child process has terminated.  Returns returncode
             attribute.
@@ -1732,6 +1737,8 @@
             outside of the local scope (nor can any methods it calls).
 
             """
+            if _waitpid is None:
+                _waitpid = os.waitpid
             if self.returncode is None:
                 if not self._waitpid_lock.acquire(False):
                     # Something else is busy calling waitpid.  Don't allow two
diff --git a/Lib/sysconfig.py b/Lib/sysconfig.py
index 3f702d7ea5..0895e55aae 100644
--- a/Lib/sysconfig.py
+++ b/Lib/sysconfig.py
@@ -84,6 +84,33 @@
         'scripts': '{userbase}/bin',
         'data': '{userbase}',
         },
+    'ios': {
+        'stdlib': '{installed_base}/lib/python%s' % sys.version[:3],
+        'platstdlib': '{installed_base}/lib/python%s' % sys.version[:3],
+        'purelib': '{installed_base}/lib/python%s/site-packages' % sys.version[:3],
+        'platlib': '{installed_base}/lib/python%s/site-packages' % sys.version[:3],
+        'include': '{installed_base}/include',
+        'scripts': '{installed_base}/bin',
+        'data': '{installed_base}/Resources',
+        },
+    'tvos': {
+        'stdlib': '{installed_base}/lib/python%s' % sys.version[:3],
+        'platstdlib': '{installed_base}/lib/python%s' % sys.version[:3],
+        'purelib': '{installed_base}/lib/python%s/site-packages' % sys.version[:3],
+        'platlib': '{installed_base}/lib/python%s/site-packages' % sys.version[:3],
+        'include': '{installed_base}/include',
+        'scripts': '{installed_base}/bin',
+        'data': '{installed_base}/Resources',
+        },
+    'watchos': {
+        'stdlib': '{installed_base}/lib/python%s' % sys.version[:3],
+        'platstdlib': '{installed_base}/lib/python%s' % sys.version[:3],
+        'purelib': '{installed_base}/lib/python%s/site-packages' % sys.version[:3],
+        'platlib': '{installed_base}/lib/python%s/site-packages' % sys.version[:3],
+        'include': '{installed_base}/include',
+        'scripts': '{installed_base}/bin',
+        'data': '{installed_base}/Resources',
+        },
     }
 
 _SCHEME_KEYS = ('stdlib', 'platstdlib', 'purelib', 'platlib', 'include',
@@ -187,6 +214,8 @@
     if os.name == 'posix':
         # the default scheme for posix is posix_prefix
         return 'posix_prefix'
+    elif sys.platform in ('ios', 'tvos', 'watchos'):
+        return sys.platform
     return os.name
 
 
@@ -207,6 +236,11 @@
     if sys.platform == "darwin" and sys._framework:
         return joinuser("~", "Library", sys._framework,
                         "%d.%d" % sys.version_info[:2])
+    elif sys.platform in ('ios', 'tvos', 'watchos'):
+        if env_base:
+            return env_base
+        else:
+            return _BASE_PREFIX
 
     return joinuser("~", ".local")
 
@@ -687,10 +721,16 @@
         if m:
             release = m.group()
     elif osname[:6] == "darwin":
-        import _osx_support
-        osname, release, machine = _osx_support.get_platform_osx(
-                                            get_config_vars(),
-                                            osname, release, machine)
+        if sys.platform in ("ios", "tvos", "watchos"):
+            import _ios_support
+            _, release, model = _ios_support.get_platform_ios()
+            osname = sys.platform
+            machine = sys.implementation._multiarch
+        else:
+            import _osx_support
+            osname, release, machine = _osx_support.get_platform_osx(
+                                                get_config_vars(),
+                                                osname, release, machine)
 
     return "%s-%s-%s" % (osname, release, machine)
 
diff --git a/Lib/test/support/__init__.py b/Lib/test/support/__init__.py
index fa5a028b7b..8202cc8aba 100644
--- a/Lib/test/support/__init__.py
+++ b/Lib/test/support/__init__.py
@@ -102,7 +102,7 @@
     "check__all__", "skip_unless_bind_unix_socket", "skip_if_buggy_ucrt_strfptime",
     "ignore_warnings",
     # sys
-    "is_jython", "is_android", "check_impl_detail", "unix_shell",
+    "is_jython", "is_android", "is_apple_mobile", "check_impl_detail", "unix_shell",
     "setswitchinterval",
     # network
     "HOST", "IPV6_ENABLED", "find_unused_port", "bind_port", "open_urlresource",
@@ -855,11 +855,24 @@
 
 is_android = hasattr(sys, 'getandroidapilevel')
 
-if sys.platform != 'win32':
+if sys.platform not in ('win32', 'vxworks', 'ios', 'tvos', 'watchos'):
     unix_shell = '/system/bin/sh' if is_android else '/bin/sh'
 else:
     unix_shell = None
 
+# Apple mobile platforms (iOS/tvOS/watchOS) are POSIX-like but do not
+# have subprocess or fork support.
+is_apple_mobile = sys.platform in ('ios', 'tvos', 'watchos')
+
+has_fork_support = (
+    hasattr(os, "fork")
+    and not is_apple_mobile
+)
+
+has_subprocess_support = (
+    not is_apple_mobile
+)
+
 # Filename used for testing
 if os.name == 'java':
     # Jython disallows @ in module names
@@ -925,8 +938,8 @@
 
 # TESTFN_UNICODE is a non-ascii filename
 TESTFN_UNICODE = TESTFN + "-\xe0\xf2\u0258\u0141\u011f"
-if sys.platform == 'darwin':
-    # In Mac OS X's VFS API file names are, by definition, canonically
+if sys.platform in ('darwin', 'ios', 'tvos', 'watchos'):
+    # In iOS and Mac OS X, VFS API file names are, by definition, canonically
     # decomposed Unicode, encoded using UTF-8. See QA1173:
     # http://developer.apple.com/mac/library/qa/qa2001/qa1173.html
     import unicodedata
@@ -952,8 +965,8 @@
                   'Unicode filename tests may not be effective'
                   % (TESTFN_UNENCODABLE, TESTFN_ENCODING))
             TESTFN_UNENCODABLE = None
-# Mac OS X denies unencodable filenames (invalid utf-8)
-elif sys.platform != 'darwin':
+# Mac OS X and iOS deny unencodable filenames (invalid utf-8)
+elif sys.platform not in ('darwin', 'ios', 'tvos', 'watchos'):
     try:
         # ascii and utf-8 cannot encode the byte 0xff
         b'\xff'.decode(TESTFN_ENCODING)
diff --git a/Lib/test/support/script_helper.py b/Lib/test/support/script_helper.py
index 83519988e3..2412e407dd 100644
--- a/Lib/test/support/script_helper.py
+++ b/Lib/test/support/script_helper.py
@@ -8,15 +8,19 @@
 import os.path
 import subprocess
 import py_compile
+import unittest
 import zipfile
 
 from importlib.util import source_from_cache
+from test.support import has_subprocess_support
 from test.support import make_legacy_pyc, strip_python_stderr
 
 
 # Cached result of the expensive test performed in the function below.
 __cached_interp_requires_environment = None
 
+
+@unittest.skipUnless(has_subprocess_support, 'Test requires support for subprocesses.')
 def interpreter_requires_environment():
     """
     Returns True if our sys.executable interpreter requires environment
@@ -137,6 +141,7 @@
     err = strip_python_stderr(err)
     return _PythonRunResult(rc, out, err), cmd_line
 
+@unittest.skipUnless(has_subprocess_support, 'Test requires support for subprocesses.')
 def _assert_python(expected_success, /, *args, **env_vars):
     res, cmd_line = run_python_until_end(*args, **env_vars)
     if (res.rc and expected_success) or (not res.rc and not expected_success):
@@ -166,6 +171,8 @@
     """
     return _assert_python(False, *args, **env_vars)
 
+
+@unittest.skipUnless(has_subprocess_support, 'Test requires support for subprocesses.')
 def spawn_python(*args, stdout=subprocess.PIPE, stderr=subprocess.STDOUT, **kw):
     """Run a Python subprocess with the given arguments.
 
diff --git a/Lib/test/test_asyncio/test_events.py b/Lib/test/test_asyncio/test_events.py
index af18d62072..5ac966a8c5 100644
--- a/Lib/test/test_asyncio/test_events.py
+++ b/Lib/test/test_asyncio/test_events.py
@@ -32,6 +32,7 @@
 from asyncio import selector_events
 from test.test_asyncio import utils as test_utils
 from test import support
+from test.support import is_apple_mobile, has_subprocess_support
 
 
 def tearDownModule():
@@ -512,6 +513,8 @@
             self._basetest_create_connection(conn_fut)
 
     @support.skip_unless_bind_unix_socket
+    @unittest.skipIf(sys.platform in ('ios', 'tvos', 'watchos'),
+                     "%s doesn't fully support UNIX sockets." % sys.platform)
     def test_create_unix_connection(self):
         # Issue #20682: On Mac OS X Tiger, getsockname() returns a
         # zero-length address for UNIX socket.
@@ -604,6 +607,7 @@
         self.assertEqual(cm.exception.reason, 'CERTIFICATE_VERIFY_FAILED')
 
     @unittest.skipIf(ssl is None, 'No ssl module')
+    @unittest.skipIf(is_apple_mobile, "%s doesn't fully support UNIX sockets." % sys.platform)
     def test_create_ssl_connection(self):
         with test_utils.run_test_server(use_ssl=True) as httpd:
             create_connection = functools.partial(
@@ -615,6 +619,8 @@
 
     @support.skip_unless_bind_unix_socket
     @unittest.skipIf(ssl is None, 'No ssl module')
+    @unittest.skipIf(sys.platform in ('ios', 'tvos', 'watchos'),
+                     "%s doesn't fully support UNIX sockets." % sys.platform)
     def test_create_ssl_unix_connection(self):
         # Issue #20682: On Mac OS X Tiger, getsockname() returns a
         # zero-length address for UNIX socket.
@@ -838,6 +844,8 @@
         return server, path
 
     @support.skip_unless_bind_unix_socket
+    @unittest.skipIf(sys.platform in ('ios', 'tvos', 'watchos'),
+                     "%s doesn't fully support UNIX sockets." % sys.platform)
     def test_create_unix_server(self):
         proto = MyProto(loop=self.loop)
         server, path = self._make_unix_server(lambda: proto)
@@ -866,6 +874,7 @@
         server.close()
 
     @unittest.skipUnless(hasattr(socket, 'AF_UNIX'), 'No UNIX Sockets')
+    @unittest.skipIf(is_apple_mobile, "%s doesn't fully support UNIX sockets." % sys.platform)
     def test_create_unix_server_path_socket_error(self):
         proto = MyProto(loop=self.loop)
         sock = socket.socket()
@@ -931,6 +940,7 @@
 
     @support.skip_unless_bind_unix_socket
     @unittest.skipIf(ssl is None, 'No ssl module')
+    @unittest.skipIf(is_apple_mobile, "%s doesn't fully support UNIX sockets." % sys.platform)
     def test_create_unix_server_ssl(self):
         proto = MyProto(loop=self.loop)
         server, path = self._make_ssl_unix_server(
@@ -961,6 +971,7 @@
         server.close()
 
     @unittest.skipIf(ssl is None, 'No ssl module')
+    @unittest.skipIf(is_apple_mobile, "%s doesn't fully support UNIX sockets." % sys.platform)
     def test_create_server_ssl_verify_failed(self):
         proto = MyProto(loop=self.loop)
         server, host, port = self._make_ssl_server(
@@ -991,6 +1002,7 @@
 
     @support.skip_unless_bind_unix_socket
     @unittest.skipIf(ssl is None, 'No ssl module')
+    @unittest.skipIf(is_apple_mobile, "%s doesn't fully support UNIX sockets." % sys.platform)
     def test_create_unix_server_ssl_verify_failed(self):
         proto = MyProto(loop=self.loop)
         server, path = self._make_ssl_unix_server(
@@ -1051,6 +1063,7 @@
 
     @support.skip_unless_bind_unix_socket
     @unittest.skipIf(ssl is None, 'No ssl module')
+    @unittest.skipIf(is_apple_mobile, "%s doesn't fully support UNIX sockets." % sys.platform)
     def test_create_unix_server_ssl_verified(self):
         proto = MyProto(loop=self.loop)
         server, path = self._make_ssl_unix_server(
@@ -1708,6 +1721,7 @@
             next(it)
 
 
+@unittest.skipUnless(has_subprocess_support, 'Test requires support for subprocesses.')
 class SubprocessTestsMixin:
 
     def check_terminated(self, returncode):
diff --git a/Lib/test/test_asyncio/test_streams.py b/Lib/test/test_asyncio/test_streams.py
index 84c031c71b..570eeae4ef 100644
--- a/Lib/test/test_asyncio/test_streams.py
+++ b/Lib/test/test_asyncio/test_streams.py
@@ -17,6 +17,7 @@
 
 import asyncio
 from test.test_asyncio import utils as test_utils
+from test.support import is_apple_mobile, has_subprocess_support
 
 
 def tearDownModule():
@@ -67,6 +68,7 @@
             self._basetest_open_connection(conn_fut)
 
     @support.skip_unless_bind_unix_socket
+    @unittest.skipIf(is_apple_mobile, "%s doesn't fully support UNIX sockets." % sys.platform)
     def test_open_unix_connection(self):
         with test_utils.run_test_unix_server() as httpd:
             conn_fut = asyncio.open_unix_connection(httpd.address,
@@ -101,6 +103,7 @@
 
     @support.skip_unless_bind_unix_socket
     @unittest.skipIf(ssl is None, 'No ssl module')
+    @unittest.skipIf(is_apple_mobile, "%s doesn't fully support UNIX sockets." % sys.platform)
     def test_open_unix_connection_no_loop_ssl(self):
         with test_utils.run_test_unix_server(use_ssl=True) as httpd:
             conn_fut = asyncio.open_unix_connection(
@@ -131,6 +134,7 @@
             self._basetest_open_connection_error(conn_fut)
 
     @support.skip_unless_bind_unix_socket
+    @unittest.skipIf(is_apple_mobile, "%s doesn't fully support UNIX sockets." % sys.platform)
     def test_open_unix_connection_error(self):
         with test_utils.run_test_unix_server() as httpd:
             conn_fut = asyncio.open_unix_connection(httpd.address,
@@ -656,6 +660,7 @@
         self.assertEqual(messages, [])
 
     @support.skip_unless_bind_unix_socket
+    @unittest.skipIf(is_apple_mobile, "%s doesn't fully support UNIX sockets." % sys.platform)
     def test_start_unix_server(self):
 
         class MyServer:
@@ -732,6 +737,7 @@
         self.assertEqual(messages, [])
 
     @unittest.skipIf(sys.platform == 'win32', "Don't have pipes")
+    @unittest.skipUnless(has_subprocess_support, 'Test requires support for subprocesses.')
     def test_read_all_from_pipe_reader(self):
         # See asyncio issue 168.  This test is derived from the example
         # subprocess_attach_read_pipe.py, but we configure the
diff --git a/Lib/test/test_asyncio/test_subprocess.py b/Lib/test/test_asyncio/test_subprocess.py
index 40f17b8f1a..9be8dffd2c 100644
--- a/Lib/test/test_asyncio/test_subprocess.py
+++ b/Lib/test/test_asyncio/test_subprocess.py
@@ -9,6 +9,7 @@
 from asyncio import subprocess
 from test.test_asyncio import utils as test_utils
 from test import support
+from test.support import has_subprocess_support
 
 if sys.platform != 'win32':
     from asyncio import unix_events
@@ -102,6 +103,7 @@
         transport.close()
 
 
+@unittest.skipUnless(has_subprocess_support, 'Test requires support for subprocesses.')
 class SubprocessMixin:
 
     def test_stdin_stdout(self):
diff --git a/Lib/test/test_asyncio/test_unix_events.py b/Lib/test/test_asyncio/test_unix_events.py
index 5487b7afef..cc78443357 100644
--- a/Lib/test/test_asyncio/test_unix_events.py
+++ b/Lib/test/test_asyncio/test_unix_events.py
@@ -15,6 +15,7 @@
 import unittest
 from unittest import mock
 from test import support
+from test.support import is_apple_mobile, has_subprocess_support
 
 if sys.platform == 'win32':
     raise unittest.SkipTest('UNIX only')
@@ -266,6 +267,7 @@
 
 @unittest.skipUnless(hasattr(socket, 'AF_UNIX'),
                      'UNIX Sockets are not supported')
+@unittest.skipIf(is_apple_mobile, "%s doesn't fully support UNIX sockets." % sys.platform)
 class SelectorEventLoopUnixSocketTests(test_utils.TestCase):
 
     def setUp(self):
@@ -1133,6 +1135,7 @@
                                        ))
 
 
+@unittest.skipUnless(has_subprocess_support, 'Test requires support for subprocesses.')
 class ChildWatcherTestsMixin:
 
     ignore_warnings = mock.patch.object(log.logger, "warning")
diff --git a/Lib/test/test_base64.py b/Lib/test/test_base64.py
index 7dba6635d4..b2d15e64fb 100644
--- a/Lib/test/test_base64.py
+++ b/Lib/test/test_base64.py
@@ -4,7 +4,7 @@
 import binascii
 import os
 from array import array
-from test.support import script_helper
+from test.support import script_helper, has_subprocess_support
 
 
 class LegacyBase64TestCase(unittest.TestCase):
@@ -653,6 +653,7 @@
         self.assertTrue(issubclass(binascii.Error, ValueError))
 
 
+@unittest.skipUnless(has_subprocess_support, 'Test requires support for subprocesses.')
 class TestMain(unittest.TestCase):
     def tearDown(self):
         if os.path.exists(support.TESTFN):
diff --git a/Lib/test/test_capi.py b/Lib/test/test_capi.py
index 7547127018..b8140e397c 100644
--- a/Lib/test/test_capi.py
+++ b/Lib/test/test_capi.py
@@ -14,6 +14,7 @@
 import unittest
 from test import support
 from test.support import MISSING_C_DOCSTRINGS
+from test.support import has_subprocess_support
 from test.support.script_helper import assert_python_failure, assert_python_ok
 try:
     import _posixsubprocess
@@ -49,6 +50,7 @@
         self.assertEqual(testfunction.attribute, "test")
         self.assertRaises(AttributeError, setattr, inst.testfunction, "attribute", "test")
 
+    @unittest.skipUnless(has_subprocess_support, 'Test requires support for subprocesses.')
     def test_no_FatalError_infinite_loop(self):
         with support.SuppressCrashReport():
             p = subprocess.Popen([sys.executable, "-c",
@@ -626,6 +628,7 @@
         self.assertFalse(hasattr(binascii.Error, "foobar"))
 
 
+@unittest.skipUnless(threading, 'Threading required for this test.')
 class TestThreadState(unittest.TestCase):
 
     @support.reap_threads
diff --git a/Lib/test/test_cmd_line.py b/Lib/test/test_cmd_line.py
index 9f09a50176..d11d6fa9f8 100644
--- a/Lib/test/test_cmd_line.py
+++ b/Lib/test/test_cmd_line.py
@@ -8,6 +8,7 @@
 import tempfile
 import unittest
 from test import support
+from test.support import has_subprocess_support
 from test.support.script_helper import (
     spawn_python, kill_python, assert_python_ok, assert_python_failure,
     interpreter_requires_environment
@@ -66,6 +67,7 @@
         rc, out, err = assert_python_ok('-vv')
         self.assertNotIn(b'stack overflow', err)
 
+    @unittest.skipUnless(has_subprocess_support, 'Test requires support for subprocesses.')
     @unittest.skipIf(interpreter_requires_environment(),
                      'Cannot run -E tests when PYTHON env vars are required.')
     def test_xoptions(self):
@@ -84,6 +86,7 @@
         opts = get_xoptions('-Xa', '-Xb=c,d=e')
         self.assertEqual(opts, {'a': True, 'b': 'c,d=e'})
 
+    @unittest.skipUnless(has_subprocess_support, 'Test requires support for subprocesses.')
     def test_showrefcount(self):
         def run_python(*args):
             # this is similar to assert_python_ok but doesn't strip
@@ -157,6 +160,7 @@
     # arguments as unicode (using wmain() instead of main()).
     @unittest.skipIf(sys.platform == 'win32',
                      'Windows has a native unicode API')
+    @unittest.skipUnless(has_subprocess_support, 'Test requires support for subprocesses.')
     def test_undecodable_code(self):
         undecodable = b"\xff"
         env = os.environ.copy()
@@ -257,6 +261,7 @@
         self.assertEqual(stdout, expected)
         self.assertEqual(p.returncode, 0)
 
+    @unittest.skipUnless(has_subprocess_support, 'Test requires support for subprocesses.')
     def test_unbuffered_output(self):
         # Test expected operation of the '-u' switch
         for stream in ('stdout', 'stderr'):
@@ -315,6 +320,7 @@
         # for empty and unset PYTHONPATH
         self.assertEqual(out1, out2)
 
+    @unittest.skipUnless(has_subprocess_support, 'Test requires support for subprocesses.')
     def test_displayhook_unencodable(self):
         for encoding in ('ascii', 'latin-1', 'utf-8'):
             env = os.environ.copy()
@@ -333,6 +339,7 @@
             escaped = repr(text).encode(encoding, 'backslashreplace')
             self.assertIn(escaped, data)
 
+    @unittest.skipUnless(has_subprocess_support, 'Test requires support for subprocesses.')
     def check_input(self, code, expected):
         with tempfile.NamedTemporaryFile("wb+") as stdin:
             sep = os.linesep.encode('ASCII')
@@ -408,6 +415,7 @@
     @unittest.skipIf(os.name != 'posix', "test needs POSIX semantics")
     @unittest.skipIf(sys.platform == "vxworks",
                          "test needs preexec support in subprocess.Popen")
+    @unittest.skipUnless(has_subprocess_support, 'Test requires support for subprocesses.')
     def _test_no_stdio(self, streams):
         code = """if 1:
             import os, sys
diff --git a/Lib/test/test_concurrent_futures.py b/Lib/test/test_concurrent_futures.py
index a5a746eb38..414650fd5d 100644
--- a/Lib/test/test_concurrent_futures.py
+++ b/Lib/test/test_concurrent_futures.py
@@ -5,6 +5,7 @@
 # Skip tests if sem_open implementation is broken.
 test.support.skip_if_broken_multiprocessing_synchronize()
 
+from test.support import has_subprocess_support
 from test.support.script_helper import assert_python_ok
 
 import contextlib
@@ -153,6 +154,7 @@
     executor_type = futures.ThreadPoolExecutor
 
 
+@unittest.skipUnless(has_subprocess_support, 'Test requires support for subprocesses.')
 class ProcessPoolForkMixin(ExecutorMixin):
     executor_type = futures.ProcessPoolExecutor
     ctx = "fork"
@@ -163,11 +165,13 @@
         return super().get_context()
 
 
+@unittest.skipUnless(has_subprocess_support, 'Test requires support for subprocesses.')
 class ProcessPoolSpawnMixin(ExecutorMixin):
     executor_type = futures.ProcessPoolExecutor
     ctx = "spawn"
 
 
+@unittest.skipUnless(has_subprocess_support, 'Test requires support for subprocesses.')
 class ProcessPoolForkserverMixin(ExecutorMixin):
     executor_type = futures.ProcessPoolExecutor
     ctx = "forkserver"
diff --git a/Lib/test/test_doctest.py b/Lib/test/test_doctest.py
index ad30a051b5..e6d5ebad3e 100644
--- a/Lib/test/test_doctest.py
+++ b/Lib/test/test_doctest.py
@@ -3,6 +3,7 @@
 """
 
 from test import support
+from test.support import is_apple_mobile
 import doctest
 import functools
 import os
@@ -2823,7 +2824,12 @@
     TestResults(failed=1, attempted=1)
     """
 
-def test_CLI(): r"""
+if is_apple_mobile:
+    # Mobile platforms can't invoke doctest from the command line,
+    # so skip this test.
+    pass
+else:
+    def test_CLI(): r"""
 The doctest module can be used to run doctests against an arbitrary file.
 These tests test this CLI functionality.
 
diff --git a/Lib/test/test_eintr.py b/Lib/test/test_eintr.py
index a5f8f6465e..e4366a1289 100644
--- a/Lib/test/test_eintr.py
+++ b/Lib/test/test_eintr.py
@@ -5,10 +5,11 @@
 import unittest
 
 from test import support
-from test.support import script_helper
+from test.support import script_helper, has_subprocess_support
 
 
 @unittest.skipUnless(os.name == "posix", "only supported on Unix")
+@unittest.skipUnless(has_subprocess_support, 'Test requires support for subprocesses.')
 class EINTRTests(unittest.TestCase):
 
     @unittest.skipUnless(hasattr(signal, "setitimer"), "requires setitimer()")
diff --git a/Lib/test/test_faulthandler.py b/Lib/test/test_faulthandler.py
index d875103934..c5db0a19e0 100644
--- a/Lib/test/test_faulthandler.py
+++ b/Lib/test/test_faulthandler.py
@@ -7,6 +7,7 @@
 import sys
 import sysconfig
 from test import support
+from test.support import has_subprocess_support
 from test.support import script_helper, is_android
 import tempfile
 import unittest
@@ -348,6 +349,7 @@
         finally:
             sys.stderr = orig_stderr
 
+    @unittest.skipUnless(has_subprocess_support, 'Test requires support for subprocesses.')
     def test_disabled_by_default(self):
         # By default, the module should be disabled
         code = "import faulthandler; print(faulthandler.is_enabled())"
@@ -356,6 +358,7 @@
         output = subprocess.check_output(args)
         self.assertEqual(output.rstrip(), b"False")
 
+    @unittest.skipUnless(has_subprocess_support, 'Test requires support for subprocesses.')
     def test_sys_xoptions(self):
         # Test python -X faulthandler
         code = "import faulthandler; print(faulthandler.is_enabled())"
@@ -368,6 +371,7 @@
         output = subprocess.check_output(args, env=env)
         self.assertEqual(output.rstrip(), b"True")
 
+    @unittest.skipUnless(has_subprocess_support, 'Test requires support for subprocesses.')
     def test_env_var(self):
         # empty env var
         code = "import faulthandler; print(faulthandler.is_enabled())"
diff --git a/Lib/test/test_fcntl.py b/Lib/test/test_fcntl.py
index c394f6945a..3112d26adf 100644
--- a/Lib/test/test_fcntl.py
+++ b/Lib/test/test_fcntl.py
@@ -7,7 +7,7 @@
 import unittest
 from multiprocessing import Process
 from test.support import (verbose, TESTFN, unlink, run_unittest, import_module,
-                          cpython_only)
+                          cpython_only, is_apple_mobile)
 
 # Skip test if no fcntl module.
 fcntl = import_module('fcntl')
@@ -23,7 +23,7 @@
         start_len = "qq"
 
     if (sys.platform.startswith(('netbsd', 'freebsd', 'openbsd'))
-        or sys.platform == 'darwin'):
+        or sys.platform == 'darwin' or is_apple_mobile):
         if struct.calcsize('l') == 8:
             off_t = 'l'
             pid_t = 'i'
diff --git a/Lib/test/test_file_eintr.py b/Lib/test/test_file_eintr.py
index f1efd266ff..5a68c60cc2 100644
--- a/Lib/test/test_file_eintr.py
+++ b/Lib/test/test_file_eintr.py
@@ -15,6 +15,7 @@
 import sys
 import time
 import unittest
+from test.support import has_subprocess_support
 
 # Test import all of the things we're about to try testing up front.
 import _io
@@ -69,6 +70,7 @@
         self.fail('Error from IO process %s:\nSTDOUT:\n%sSTDERR:\n%s\n' %
                   (why, stdout.decode(), stderr.decode()))
 
+    @unittest.skipUnless(has_subprocess_support, 'Test requires support for subprocesses.')
     def _test_reading(self, data_to_write, read_and_verify_code):
         """Generic buffered read method test harness to validate EINTR behavior.
 
diff --git a/Lib/test/test_gc.py b/Lib/test/test_gc.py
index 58d461334b..53286c1049 100644
--- a/Lib/test/test_gc.py
+++ b/Lib/test/test_gc.py
@@ -2,7 +2,7 @@
 from test.support import (verbose, refcount_test, run_unittest,
                           strip_python_stderr, cpython_only, start_threads,
                           temp_dir, requires_type_collecting, TESTFN, unlink,
-                          import_module)
+                          import_module, has_subprocess_support)
 from test.support.script_helper import assert_python_ok, make_script
 
 import gc
@@ -657,6 +657,8 @@
             del x
             gc.set_debug(%s)
         """
+
+        @unittest.skipUnless(has_subprocess_support, 'Test requires support for subprocesses.')
         def run_command(code):
             p = subprocess.Popen([sys.executable, "-Wd", "-c", code],
                 stdout=subprocess.PIPE,
diff --git a/Lib/test/test_gdb.py b/Lib/test/test_gdb.py
index d90ca5a51a..967ec30e64 100644
--- a/Lib/test/test_gdb.py
+++ b/Lib/test/test_gdb.py
@@ -33,6 +33,8 @@
         # This is what "no gdb" looks like.  There may, however, be other
         # errors that manifest this way too.
         raise unittest.SkipTest("Couldn't find gdb on the path")
+    except RuntimeError:
+        raise unittest.SkipTest('Test requires support for subprocesses.')
 
     # Regex to parse:
     # 'GNU gdb (GDB; SUSE Linux Enterprise 12) 7.7\n' -> 7.7
diff --git a/Lib/test/test_httpservers.py b/Lib/test/test_httpservers.py
index fb026188f0..b9ba466070 100644
--- a/Lib/test/test_httpservers.py
+++ b/Lib/test/test_httpservers.py
@@ -29,6 +29,8 @@
 
 import unittest
 from test import support
+from test.support import is_apple_mobile
+from test.support import has_subprocess_support
 
 
 class NoLogRequestHandler:
@@ -397,7 +399,7 @@
         with open(os.path.join(self.tempdir, filename), 'wb') as f:
             f.write(support.TESTFN_UNDECODABLE)
         response = self.request(self.base_url + '/')
-        if sys.platform == 'darwin':
+        if sys.platform == 'darwin' or is_apple_mobile:
             # On Mac OS the HFS+ filesystem replaces bytes that aren't valid
             # UTF-8 into a percent-encoded value.
             for name in os.listdir(self.tempdir):
@@ -637,6 +639,7 @@
 
 @unittest.skipIf(hasattr(os, 'geteuid') and os.geteuid() == 0,
         "This test can't be run reliably as root (issue #13308).")
+@unittest.skipUnless(has_subprocess_support, 'Test requires support for subprocesses.')
 class CGIHTTPServerTestCase(BaseTestCase):
     class request_handler(NoLogRequestHandler, CGIHTTPRequestHandler):
         pass
diff --git a/Lib/test/test_io.py b/Lib/test/test_io.py
index 9d79caac8c..0d869446e9 100644
--- a/Lib/test/test_io.py
+++ b/Lib/test/test_io.py
@@ -38,7 +38,7 @@
 from itertools import cycle, count
 from test import support
 from test.support.script_helper import assert_python_ok, run_python_until_end
-from test.support import FakePath
+from test.support import FakePath, is_apple_mobile
 
 import codecs
 import io  # C implementation of io
@@ -600,7 +600,7 @@
         # On Windows and Mac OSX this test consumes large resources; It takes
         # a long time to build the >2 GiB file and takes >2 GiB of disk space
         # therefore the resource must be enabled to run this test.
-        if sys.platform[:3] == 'win' or sys.platform == 'darwin':
+        if sys.platform[:3] == 'win' or sys.platform == 'darwin' or is_apple_mobile:
             support.requires(
                 'largefile',
                 'test requires %s bytes and a long time to run' % self.LARGE)
diff --git a/Lib/test/test_json/test_tool.py b/Lib/test/test_json/test_tool.py
index a62a5d4084..040c0c2e50 100644
--- a/Lib/test/test_json/test_tool.py
+++ b/Lib/test/test_json/test_tool.py
@@ -6,6 +6,7 @@
 
 from subprocess import Popen, PIPE
 from test import support
+from test.support import has_subprocess_support
 from test.support.script_helper import assert_python_ok
 
 
@@ -84,6 +85,7 @@
     }
     """)
 
+    @unittest.skipUnless(has_subprocess_support, 'Test requires support for subprocesses.')
     def test_stdin_stdout(self):
         args = sys.executable, '-m', 'json.tool'
         with Popen(args, stdin=PIPE, stdout=PIPE, stderr=PIPE) as proc:
diff --git a/Lib/test/test_logging.py b/Lib/test/test_logging.py
index 15250a3a95..36fdf4af08 100644
--- a/Lib/test/test_logging.py
+++ b/Lib/test/test_logging.py
@@ -43,6 +43,7 @@
 import tempfile
 from test.support.script_helper import assert_python_ok, assert_python_failure
 from test import support
+from test.support import is_apple_mobile
 import textwrap
 import threading
 import time
@@ -1759,9 +1760,20 @@
     # just need a name - file can't be present, or we'll get an
     # 'address already in use' error.
     os.remove(fn)
+    # Check the size of the socket file name. If it exceeds 108
+    # characters (UNIX_PATH_MAX), it can't be used as a UNIX socket.
+    # In this case, fall back to a path constructed somewhere that
+    # is known to be short.
+    if len(fn) > 108:
+        fd, fn = tempfile.mkstemp(prefix='test_logging_', suffix='.sock', dir='/tmp')
+        os.close(fd)
+        # just need a name - file can't be present, or we'll get an
+        # 'address already in use' error.
+        os.remove(fn)
     return fn
 
 @unittest.skipUnless(hasattr(socket, "AF_UNIX"), "Unix sockets required")
+@unittest.skipIf(is_apple_mobile, "%s doesn't fully support UNIX sockets." % sys.platform)
 class UnixSocketHandlerTest(SocketHandlerTest):
 
     """Test for SocketHandler with unix sockets."""
@@ -1843,6 +1855,7 @@
         self.assertEqual(self.log_output, "spam\neggs\n")
 
 @unittest.skipUnless(hasattr(socket, "AF_UNIX"), "Unix sockets required")
+@unittest.skipIf(is_apple_mobile, "%s doesn't fully support UNIX sockets." % sys.platform)
 class UnixDatagramHandlerTest(DatagramHandlerTest):
 
     """Test for DatagramHandler using Unix sockets."""
@@ -1927,6 +1940,7 @@
         self.assertEqual(self.log_output, b'<11>h\xc3\xa4m-sp\xc3\xa4m')
 
 @unittest.skipUnless(hasattr(socket, "AF_UNIX"), "Unix sockets required")
+@unittest.skipIf(is_apple_mobile, "%s doesn't fully support UNIX sockets." % sys.platform)
 class UnixSysLogHandlerTest(SysLogHandlerTest):
 
     """Test for SysLogHandler with Unix sockets."""
diff --git a/Lib/test/test_mailcap.py b/Lib/test/test_mailcap.py
index c08423c670..29b8ea06a3 100644
--- a/Lib/test/test_mailcap.py
+++ b/Lib/test/test_mailcap.py
@@ -1,8 +1,10 @@
 import mailcap
 import os
 import copy
+import sys
 import test.support
 import unittest
+from test.support import is_apple_mobile
 
 # Location of mailcap file
 MAILCAPFILE = test.support.findfile("mailcap.txt")
@@ -212,7 +214,7 @@
         ]
         self._run_cases(cases)
 
-    @unittest.skipUnless(os.name == "posix", "Requires 'test' command on system")
+    @unittest.skipUnless(os.name == "posix" and not is_apple_mobile, "Requires 'test' command on system")
     def test_test(self):
         # findmatch() will automatically check any "test" conditions and skip
         # the entry if the check fails.
diff --git a/Lib/test/test_marshal.py b/Lib/test/test_marshal.py
index ace1593999..2fa6603ed3 100644
--- a/Lib/test/test_marshal.py
+++ b/Lib/test/test_marshal.py
@@ -1,4 +1,5 @@
 from test import support
+from test.support import is_apple_mobile
 import array
 import io
 import marshal
@@ -240,7 +241,10 @@
         if os.name == 'nt':
             MAX_MARSHAL_STACK_DEPTH = 1000
         else:
-            MAX_MARSHAL_STACK_DEPTH = 2000
+            if is_apple_mobile:
+                MAX_MARSHAL_STACK_DEPTH = 1500
+            else:
+                MAX_MARSHAL_STACK_DEPTH = 2000
         for i in range(MAX_MARSHAL_STACK_DEPTH - 2):
             last.append([0])
             last = last[-1]
diff --git a/Lib/test/test_mmap.py b/Lib/test/test_mmap.py
index 88c501d81a..185b8e9df1 100644
--- a/Lib/test/test_mmap.py
+++ b/Lib/test/test_mmap.py
@@ -1,5 +1,5 @@
 from test.support import (TESTFN, import_module, unlink,
-                          requires, _2G, _4G, gc_collect, cpython_only)
+                          requires, _2G, _4G, gc_collect, cpython_only, is_apple_mobile)
 import unittest
 import os
 import re
@@ -230,7 +230,7 @@
         with open(TESTFN, "r+b") as f:
             self.assertRaises(ValueError, mmap.mmap, f.fileno(), mapsize, access=4)
 
-        if os.name == "posix":
+        if os.name == "posix" and not is_apple_mobile:
             # Try incompatible flags, prot and access parameters.
             with open(TESTFN, "r+b") as f:
                 self.assertRaises(ValueError, mmap.mmap, f.fileno(), mapsize,
@@ -769,7 +769,7 @@
         unlink(TESTFN)
 
     def _make_test_file(self, num_zeroes, tail):
-        if sys.platform[:3] == 'win' or sys.platform == 'darwin':
+        if sys.platform[:3] == 'win' or sys.platform == 'darwin' or is_apple_mobile:
             requires('largefile',
                 'test requires %s bytes and a long time to run' % str(0x180000000))
         f = open(TESTFN, 'w+b')
diff --git a/Lib/test/test_multiprocessing_fork.py b/Lib/test/test_multiprocessing_fork.py
index 5000edb7c5..65a0fb67f9 100644
--- a/Lib/test/test_multiprocessing_fork.py
+++ b/Lib/test/test_multiprocessing_fork.py
@@ -1,4 +1,9 @@
 import unittest
+from test.support import has_subprocess_support
+
+if not has_subprocess_support:
+    raise unittest.SkipTest('Test requires support for subprocesses.')
+
 import test._test_multiprocessing
 
 import sys
diff --git a/Lib/test/test_multiprocessing_forkserver.py b/Lib/test/test_multiprocessing_forkserver.py
index 6ad5faf9e8..a5285ef77a 100644
--- a/Lib/test/test_multiprocessing_forkserver.py
+++ b/Lib/test/test_multiprocessing_forkserver.py
@@ -1,4 +1,9 @@
 import unittest
+from test.support import has_subprocess_support
+
+if not has_subprocess_support:
+    raise unittest.SkipTest('Test requires support for subprocesses.')
+
 import test._test_multiprocessing
 
 import sys
diff --git a/Lib/test/test_multiprocessing_spawn.py b/Lib/test/test_multiprocessing_spawn.py
index 6558952308..192096e2ac 100644
--- a/Lib/test/test_multiprocessing_spawn.py
+++ b/Lib/test/test_multiprocessing_spawn.py
@@ -1,4 +1,9 @@
 import unittest
+from test.support import has_subprocess_support
+
+if not has_subprocess_support:
+    raise unittest.SkipTest('Test requires support for subprocesses.')
+
 import test._test_multiprocessing
 
 from test import support
diff --git a/Lib/test/test_os.py b/Lib/test/test_os.py
index 5302b1ce57..0fd596f15f 100644
--- a/Lib/test/test_os.py
+++ b/Lib/test/test_os.py
@@ -29,6 +29,7 @@
 import uuid
 import warnings
 from test import support
+from test.support import has_subprocess_support
 from platform import win32_is_iot
 
 try:
@@ -852,6 +853,7 @@
     # Bug 1110478
     @unittest.skipUnless(unix_shell and os.path.exists(unix_shell),
                          'requires a shell')
+    @unittest.skipUnless(has_subprocess_support, 'Test requires support for subprocesses.')
     def test_update2(self):
         os.environ.clear()
         os.environ.update(HELLO="World")
@@ -861,6 +863,7 @@
 
     @unittest.skipUnless(unix_shell and os.path.exists(unix_shell),
                          'requires a shell')
+    @unittest.skipUnless(has_subprocess_support, 'Test requires support for subprocesses.')
     def test_os_popen_iter(self):
         with os.popen("%s -c 'echo \"line1\nline2\nline3\"'"
                       % unix_shell) as popen:
@@ -1699,6 +1702,7 @@
 
 @unittest.skipUnless(hasattr(os, 'execv'),
                      "need os.execv()")
+@unittest.skipUnless(has_subprocess_support, 'Test requires support for subprocesses.')
 class ExecTests(unittest.TestCase):
     @unittest.skipIf(USING_LINUXTHREADS,
                      "avoid triggering a linuxthreads bug: see issue #4970")
@@ -2020,6 +2024,7 @@
         self.assertRaises(OverflowError, os.setreuid, 0, self.UID_OVERFLOW)
 
     @unittest.skipUnless(hasattr(os, 'setreuid'), 'test needs os.setreuid()')
+    @unittest.skipUnless(has_subprocess_support, 'Test requires support for subprocesses.')
     def test_setreuid_neg1(self):
         # Needs to accept -1.  We run this in a subprocess to avoid
         # altering the test runner's process state (issue8045).
@@ -2028,6 +2033,7 @@
                 'import os,sys;os.setreuid(-1,-1);sys.exit(0)'])
 
     @unittest.skipUnless(hasattr(os, 'setregid'), 'test needs os.setregid()')
+    @unittest.skipUnless(has_subprocess_support, 'Test requires support for subprocesses.')
     def test_setregid(self):
         if os.getuid() != 0 and not HAVE_WHEEL_GROUP:
             self.assertRaises(OSError, os.setregid, 0, 0)
@@ -2037,6 +2043,7 @@
         self.assertRaises(OverflowError, os.setregid, 0, self.GID_OVERFLOW)
 
     @unittest.skipUnless(hasattr(os, 'setregid'), 'test needs os.setregid()')
+    @unittest.skipUnless(has_subprocess_support, 'Test requires support for subprocesses.')
     def test_setregid_neg1(self):
         # Needs to accept -1.  We run this in a subprocess to avoid
         # altering the test runner's process state (issue8045).
@@ -2667,6 +2674,7 @@
 
 class PidTests(unittest.TestCase):
     @unittest.skipUnless(hasattr(os, 'getppid'), "test needs os.getppid")
+    @unittest.skipUnless(has_subprocess_support, 'Test requires support for subprocesses.')
     def test_getppid(self):
         p = subprocess.Popen([sys.executable, '-c',
                               'import os; print(os.getppid())'],
@@ -2692,6 +2700,7 @@
             self.assertEqual(os.WEXITSTATUS(status), exitcode)
         self.assertEqual(pid2, pid)
 
+    @unittest.skipUnless(has_subprocess_support, 'Test requires support for subprocesses.')
     def test_waitpid(self):
         self.check_waitpid(code='pass', exitcode=0)
 
@@ -3335,6 +3344,7 @@
         self.assertGreaterEqual(size.columns, 0)
         self.assertGreaterEqual(size.lines, 0)
 
+    @unittest.skipUnless(has_subprocess_support, 'Test requires support for subprocesses.')
     def test_stty_match(self):
         """Check if stty returns the same results
 
diff --git a/Lib/test/test_pdb.py b/Lib/test/test_pdb.py
index cdee716d6a..0df7f2ce3f 100644
--- a/Lib/test/test_pdb.py
+++ b/Lib/test/test_pdb.py
@@ -13,6 +13,7 @@
 from contextlib import ExitStack
 from io import StringIO
 from test import support
+from test.support import has_subprocess_support
 # This little helper class is essential for testing pdb under doctest.
 from test.test_doctest import _FakeInput
 from unittest.mock import patch
@@ -1235,6 +1236,7 @@
     def tearDown(self):
         support.unlink(support.TESTFN)
 
+    @unittest.skipUnless(has_subprocess_support, 'Test requires support for subprocesses.')
     def _run_pdb(self, pdb_args, commands):
         self.addCleanup(support.rmtree, '__pycache__')
         cmd = [sys.executable, '-m', 'pdb'] + pdb_args
@@ -1326,6 +1328,7 @@
             ('br', 1),
         )
 
+    @unittest.skipUnless(has_subprocess_support, 'Test requires support for subprocesses.')
     def test_issue7964(self):
         # open the file as binary so we can force \r\n newline
         with open(support.TESTFN, 'wb') as f:
diff --git a/Lib/test/test_pipes.py b/Lib/test/test_pipes.py
index 1d538b9898..ee9809807c 100644
--- a/Lib/test/test_pipes.py
+++ b/Lib/test/test_pipes.py
@@ -1,13 +1,17 @@
 import pipes
 import os
 import string
+import sys
 import unittest
 import shutil
-from test.support import TESTFN, run_unittest, unlink, reap_children
+from test.support import TESTFN, run_unittest, unlink, reap_children, is_apple_mobile
 
 if os.name != 'posix':
     raise unittest.SkipTest('pipes module only works on posix')
 
+if is_apple_mobile:
+    raise unittest.SkipTest('pipes tests cannot run on %s' % sys.platform)
+
 TESTFN2 = TESTFN + "2"
 
 # tr a-z A-Z is not portable, so make the ranges explicit
diff --git a/Lib/test/test_platform.py b/Lib/test/test_platform.py
index 4739e84c53..34eb3c881f 100644
--- a/Lib/test/test_platform.py
+++ b/Lib/test/test_platform.py
@@ -6,7 +6,7 @@
 from unittest import mock
 
 from test import support
-
+from test.support import has_subprocess_support, is_apple_mobile
 
 class PlatformTest(unittest.TestCase):
     def clear_caches(self):
@@ -18,6 +18,7 @@
         res = platform.architecture()
 
     @support.skip_unless_symlink
+    @unittest.skipUnless(has_subprocess_support, 'Test requires support for subprocesses.')
     def test_architecture_via_symlink(self): # issue3762
         with support.PythonSymlink() as py:
             cmd = "-c", "import platform; print(platform.architecture())"
@@ -192,7 +193,7 @@
     def test_mac_ver(self):
         res = platform.mac_ver()
 
-        if platform.uname().system == 'Darwin':
+        if platform.uname().system == 'Darwin' and not is_apple_mobile:
             # We are on a macOS system, check that the right version
             # information is returned
             output = subprocess.check_output(['sw_vers'], text=True)
@@ -224,6 +225,9 @@
             else:
                 self.assertEqual(res[2], 'PowerPC')
 
+    @unittest.skipUnless(is_apple_mobile, "iOS/tvOS/watchOS only test")
+    def test_ios_ver(self):
+        res = platform.ios_ver()
 
     @unittest.skipUnless(sys.platform == 'darwin', "OSX only test")
     def test_mac_ver_with_fork(self):
diff --git a/Lib/test/test_poll.py b/Lib/test/test_poll.py
index ef966bf0f5..50e478463d 100644
--- a/Lib/test/test_poll.py
+++ b/Lib/test/test_poll.py
@@ -7,7 +7,7 @@
 import threading
 import time
 import unittest
-from test.support import TESTFN, run_unittest, reap_threads, cpython_only
+from test.support import TESTFN, run_unittest, reap_threads, cpython_only, has_subprocess_support
 
 try:
     select.poll
@@ -117,6 +117,7 @@
     # Another test case for poll().  This is copied from the test case for
     # select(), modified to use poll() instead.
 
+    @unittest.skipUnless(has_subprocess_support, 'Test requires support for subprocesses.')
     def test_poll2(self):
         cmd = 'for i in 0 1 2 3 4 5 6 7 8 9; do echo testing...; sleep 1; done'
         proc = subprocess.Popen(cmd, shell=True, stdout=subprocess.PIPE,
diff --git a/Lib/test/test_popen.py b/Lib/test/test_popen.py
index da01a878fa..7d62577ed6 100644
--- a/Lib/test/test_popen.py
+++ b/Lib/test/test_popen.py
@@ -5,6 +5,7 @@
 
 import unittest
 from test import support
+from test.support import has_subprocess_support
 import os, sys
 
 # Test that command-lines get down as we expect.
@@ -16,6 +17,7 @@
 if ' ' in python:
     python = '"' + python + '"'     # quote embedded space for cmdline
 
+@unittest.skipUnless(has_subprocess_support, 'Test requires support for subprocesses.')
 class PopenTest(unittest.TestCase):
 
     def _do_test_commandline(self, cmdline, expected):
diff --git a/Lib/test/test_posix.py b/Lib/test/test_posix.py
index 9bdd2848af..578e41f179 100644
--- a/Lib/test/test_posix.py
+++ b/Lib/test/test_posix.py
@@ -1,6 +1,8 @@
 "Test posix functions"
 
 from test import support
+from test.support import has_subprocess_support
+from test.support import is_apple_mobile
 from test.support.script_helper import assert_python_ok
 
 # Skip these tests if there is no posix module.
@@ -59,15 +61,22 @@
         # no side-effects which we need to cleanup (e.g., fork, wait, abort)
         NO_ARG_FUNCTIONS = [ "ctermid", "getcwd", "getcwdb", "uname",
                              "times", "getloadavg",
-                             "getegid", "geteuid", "getgid", "getgroups",
+                             "getegid", "geteuid", "getgid",
                              "getpid", "getpgrp", "getppid", "getuid", "sync",
                            ]
 
+        # getgroups can't be invoked on iOS/tvOS/watchOS.
+        if is_apple_mobile:
+            NO_ARG_FUNCTIONS.append("getgroups")
+
         for name in NO_ARG_FUNCTIONS:
             posix_func = getattr(posix, name, None)
             if posix_func is not None:
-                posix_func()
-                self.assertRaises(TypeError, posix_func, 1)
+                try:
+                    posix_func()
+                    self.assertRaises(TypeError, posix_func, 1)
+                except Exception as e:
+                    self.fail('Problem invoking %s: %s' % (name, e))
 
     @unittest.skipUnless(hasattr(posix, 'getresuid'),
                          'test needs posix.getresuid()')
@@ -744,9 +753,10 @@
             check_stat(uid, gid)
             self.assertRaises(OSError, chown_func, first_param, 0, -1)
             check_stat(uid, gid)
-            if 0 not in os.getgroups():
-                self.assertRaises(OSError, chown_func, first_param, -1, 0)
-                check_stat(uid, gid)
+            if hasattr(os, 'getgroups') and not is_apple_mobile:
+                if 0 not in os.getgroups():
+                    self.assertRaises(OSError, chown_func, first_param, -1, 0)
+                    check_stat(uid, gid)
         # test illegal types
         for t in str, float:
             self.assertRaises(TypeError, chown_func, first_param, t(uid), gid)
@@ -1030,6 +1040,7 @@
 
 
     @unittest.skipUnless(hasattr(os, 'getegid'), "test needs os.getegid()")
+    @unittest.skipUnless(has_subprocess_support, 'Test requires support for subprocesses.')
     def test_getgroups(self):
         with os.popen('id -G 2>/dev/null') as idg:
             groups = idg.read().strip()
@@ -1287,7 +1298,7 @@
         self.assertIsInstance(hi, int)
         self.assertGreaterEqual(hi, lo)
         # OSX evidently just returns 15 without checking the argument.
-        if sys.platform != "darwin":
+        if sys.platform != 'darwin' and not is_apple_mobile:
             self.assertRaises(OSError, posix.sched_get_priority_min, -23)
             self.assertRaises(OSError, posix.sched_get_priority_max, -23)
 
diff --git a/Lib/test/test_pty.py b/Lib/test/test_pty.py
index dfb3a3fc32..a61c72f786 100644
--- a/Lib/test/test_pty.py
+++ b/Lib/test/test_pty.py
@@ -1,4 +1,4 @@
-from test.support import verbose, import_module, reap_children
+from test.support import verbose, import_module, reap_children, has_subprocess_support
 
 # Skip these tests if termios is not available
 import_module('termios')
@@ -138,6 +138,7 @@
         # to ignore this signal.
         os.close(master_fd)
 
+    @unittest.skipUnless(has_subprocess_support, 'Test requires support for subprocesses.')
     def test_fork(self):
         debug("calling pty.fork()")
         pid, master_fd = pty.fork()
diff --git a/Lib/test/test_quopri.py b/Lib/test/test_quopri.py
index 715544c8a9..0641b2fcef 100644
--- a/Lib/test/test_quopri.py
+++ b/Lib/test/test_quopri.py
@@ -1,4 +1,5 @@
 import unittest
+from test.support import has_subprocess_support
 
 import sys, io, subprocess
 import quopri
@@ -180,6 +181,7 @@
         for p, e in self.HSTRINGS:
             self.assertEqual(quopri.decodestring(e, header=True), p)
 
+    @unittest.skipUnless(has_subprocess_support, 'Test requires support for subprocesses.')
     def test_scriptencode(self):
         (p, e) = self.STRINGS[-1]
         process = subprocess.Popen([sys.executable, "-mquopri"],
@@ -196,6 +198,7 @@
             self.assertEqual(cout[i], e[i])
         self.assertEqual(cout, e)
 
+    @unittest.skipUnless(has_subprocess_support, 'Test requires support for subprocesses.')
     def test_scriptdecode(self):
         (p, e) = self.STRINGS[-1]
         process = subprocess.Popen([sys.executable, "-mquopri", "-d"],
diff --git a/Lib/test/test_script_helper.py b/Lib/test/test_script_helper.py
index 4ade2cbc0d..63175fcc13 100644
--- a/Lib/test/test_script_helper.py
+++ b/Lib/test/test_script_helper.py
@@ -3,7 +3,7 @@
 import subprocess
 import sys
 import os
-from test.support import script_helper
+from test.support import script_helper, has_subprocess_support
 import unittest
 from unittest import mock
 
@@ -35,6 +35,7 @@
         self.assertIn('import sys; sys.exit(0)', error_msg,
                       msg='unexpected command line.')
 
+    @unittest.skipUnless(has_subprocess_support, 'Test requires support for subprocesses.')
     @mock.patch('subprocess.Popen')
     def test_assert_python_isolated_when_env_not_required(self, mock_popen):
         with mock.patch.object(script_helper,
@@ -53,6 +54,7 @@
             self.assertIn('-I', popen_command)
             self.assertNotIn('-E', popen_command)  # -I overrides this
 
+    @unittest.skipUnless(has_subprocess_support, 'Test requires support for subprocesses.')
     @mock.patch('subprocess.Popen')
     def test_assert_python_not_isolated_when_env_is_required(self, mock_popen):
         """Ensure that -I is not passed when the environment is required."""
@@ -82,6 +84,7 @@
         # Reset the private cached state.
         script_helper.__dict__['__cached_interp_requires_environment'] = None
 
+    @unittest.skipUnless(has_subprocess_support, 'Test requires support for subprocesses.')
     @mock.patch('subprocess.check_call')
     def test_interpreter_requires_environment_true(self, mock_check_call):
         with mock.patch.dict(os.environ):
@@ -91,6 +94,7 @@
             self.assertTrue(script_helper.interpreter_requires_environment())
             self.assertEqual(1, mock_check_call.call_count)
 
+    @unittest.skipUnless(has_subprocess_support, 'Test requires support for subprocesses.')
     @mock.patch('subprocess.check_call')
     def test_interpreter_requires_environment_false(self, mock_check_call):
         with mock.patch.dict(os.environ):
@@ -100,6 +104,7 @@
             self.assertFalse(script_helper.interpreter_requires_environment())
             self.assertEqual(1, mock_check_call.call_count)
 
+    @unittest.skipUnless(has_subprocess_support, 'Test requires support for subprocesses.')
     @mock.patch('subprocess.check_call')
     def test_interpreter_requires_environment_details(self, mock_check_call):
         with mock.patch.dict(os.environ):
diff --git a/Lib/test/test_select.py b/Lib/test/test_select.py
index 458998a62f..607c533e12 100644
--- a/Lib/test/test_select.py
+++ b/Lib/test/test_select.py
@@ -4,6 +4,7 @@
 import sys
 import unittest
 from test import support
+from test.support import has_subprocess_support
 
 @unittest.skipIf((sys.platform[:3]=='win'),
                  "can't easily test on this system")
@@ -44,6 +45,7 @@
         self.assertIsNot(r, x)
         self.assertIsNot(w, x)
 
+    @unittest.skipUnless(has_subprocess_support, 'Test requires support for subprocesses.')
     def test_select(self):
         cmd = 'for i in 0 1 2 3 4 5 6 7 8 9; do echo testing...; sleep 1; done'
         with os.popen(cmd) as p:
diff --git a/Lib/test/test_shutil.py b/Lib/test/test_shutil.py
index 37940c8dcf..6d889166b7 100644
--- a/Lib/test/test_shutil.py
+++ b/Lib/test/test_shutil.py
@@ -30,7 +30,7 @@
     posix = None
 
 from test import support
-from test.support import TESTFN, FakePath
+from test.support import TESTFN, FakePath, has_subprocess_support
 
 TESTFN2 = TESTFN + "2"
 TESTFN_SRC = TESTFN + "_SRC"
@@ -1662,6 +1662,7 @@
         self.assertEqual(['pol'], os.listdir(rv))
 
 
+@unittest.skipIf(support.has_subprocess_support, 'Test requires support for subprocesses.')
 class TestWhich(unittest.TestCase):
 
     def setUp(self):
@@ -2550,6 +2551,7 @@
         self.assertGreaterEqual(size.lines, 0)
 
     @unittest.skipUnless(os.isatty(sys.__stdout__.fileno()), "not on tty")
+    @unittest.skipUnless(has_subprocess_support, 'Test requires support for subprocesses.')
     @unittest.skipUnless(hasattr(os, 'get_terminal_size'),
                          'need os.get_terminal_size()')
     def test_stty_match(self):
diff --git a/Lib/test/test_site.py b/Lib/test/test_site.py
index 9b2df6bfc3..afac0bc73a 100644
--- a/Lib/test/test_site.py
+++ b/Lib/test/test_site.py
@@ -7,6 +7,7 @@
 import unittest
 import test.support
 from test import support
+from test.support import has_subprocess_support
 from test.support import (captured_stderr, TESTFN, EnvironmentVarGuard,
                           change_cwd)
 import builtins
@@ -197,6 +198,7 @@
 
     @unittest.skipUnless(site.ENABLE_USER_SITE, "requires access to PEP 370 "
                           "user-site (site.ENABLE_USER_SITE)")
+    @unittest.skipUnless(has_subprocess_support, 'Test requires support for subprocesses.')
     def test_s_option(self):
         # (ncoghlan) Change this to use script_helper...
         usersite = site.USER_SITE
@@ -464,6 +466,7 @@
 
 class StartupImportTests(unittest.TestCase):
 
+    @unittest.skipUnless(has_subprocess_support, 'Test requires support for subprocesses.')
     def test_startup_imports(self):
         # Get sys.path in isolated mode (python3 -I)
         popen = subprocess.Popen([sys.executable, '-I', '-c',
diff --git a/Lib/test/test_socket.py b/Lib/test/test_socket.py
index eada6e929f..de44619179 100644
--- a/Lib/test/test_socket.py
+++ b/Lib/test/test_socket.py
@@ -1,5 +1,6 @@
 import unittest
 from test import support
+from test.support import is_apple_mobile
 
 import errno
 import io
@@ -1052,7 +1053,7 @@
         # I've ordered this by protocols that have both a tcp and udp
         # protocol, at least for modern Linuxes.
         if (sys.platform.startswith(('freebsd', 'netbsd', 'gnukfreebsd'))
-            or sys.platform in ('linux', 'darwin')):
+            or sys.platform in ('linux', 'darwin') or is_apple_mobile):
             # avoid the 'echo' service on this platform, as there is an
             # assumption breaking non-standard port/protocol entry
             services = ('daytime', 'qotd', 'domain')
@@ -3273,7 +3274,7 @@
     def _testFDPassCMSG_LEN(self):
         self.createAndSendFDs(1)
 
-    @unittest.skipIf(sys.platform == "darwin", "skipping, see issue #12958")
+    @unittest.skipIf(sys.platform == "darwin" or is_apple_mobile, "skipping, see issue #12958")
     @unittest.skipIf(AIX, "skipping, see issue #22397")
     @requireAttrs(socket, "CMSG_SPACE")
     def testFDPassSeparate(self):
@@ -3284,7 +3285,7 @@
                              maxcmsgs=2)
 
     @testFDPassSeparate.client_skip
-    @unittest.skipIf(sys.platform == "darwin", "skipping, see issue #12958")
+    @unittest.skipIf(sys.platform == "darwin" or is_apple_mobile, "skipping, see issue #12958")
     @unittest.skipIf(AIX, "skipping, see issue #22397")
     def _testFDPassSeparate(self):
         fd0, fd1 = self.newFDs(2)
@@ -3297,7 +3298,7 @@
                                           array.array("i", [fd1]))]),
             len(MSG))
 
-    @unittest.skipIf(sys.platform == "darwin", "skipping, see issue #12958")
+    @unittest.skipIf(sys.platform == "darwin" or is_apple_mobile, "skipping, see issue #12958")
     @unittest.skipIf(AIX, "skipping, see issue #22397")
     @requireAttrs(socket, "CMSG_SPACE")
     def testFDPassSeparateMinSpace(self):
@@ -3311,7 +3312,7 @@
                              maxcmsgs=2, ignoreflags=socket.MSG_CTRUNC)
 
     @testFDPassSeparateMinSpace.client_skip
-    @unittest.skipIf(sys.platform == "darwin", "skipping, see issue #12958")
+    @unittest.skipIf(sys.platform == "darwin" or is_apple_mobile, "skipping, see issue #12958")
     @unittest.skipIf(AIX, "skipping, see issue #22397")
     def _testFDPassSeparateMinSpace(self):
         fd0, fd1 = self.newFDs(2)
@@ -3335,7 +3336,7 @@
             nbytes = self.sendmsgToServer([msg])
         self.assertEqual(nbytes, len(msg))
 
-    @unittest.skipIf(sys.platform == "darwin", "see issue #24725")
+    @unittest.skipIf(sys.platform == "darwin" or is_apple_mobile, "skipping, see issue #12958")
     def testFDPassEmpty(self):
         # Try to pass an empty FD array.  Can receive either no array
         # or an empty array.
@@ -4072,28 +4073,33 @@
     pass
 
 @requireAttrs(socket.socket, "sendmsg")
+@unittest.skipIf(is_apple_mobile, "%s doesn't fully support UNIX sockets." % sys.platform)
 @requireAttrs(socket, "AF_UNIX")
 class SendmsgUnixStreamTest(SendmsgStreamTests, SendrecvmsgUnixStreamTestBase):
     pass
 
 @requireAttrs(socket.socket, "recvmsg")
+@unittest.skipIf(is_apple_mobile, "%s doesn't fully support UNIX sockets." % sys.platform)
 @requireAttrs(socket, "AF_UNIX")
 class RecvmsgUnixStreamTest(RecvmsgTests, RecvmsgGenericStreamTests,
                             SendrecvmsgUnixStreamTestBase):
     pass
 
 @requireAttrs(socket.socket, "recvmsg_into")
+@unittest.skipIf(is_apple_mobile, "%s doesn't fully support UNIX sockets." % sys.platform)
 @requireAttrs(socket, "AF_UNIX")
 class RecvmsgIntoUnixStreamTest(RecvmsgIntoTests, RecvmsgGenericStreamTests,
                                 SendrecvmsgUnixStreamTestBase):
     pass
 
 @requireAttrs(socket.socket, "sendmsg", "recvmsg")
+@unittest.skipIf(is_apple_mobile, "%s doesn't fully support UNIX sockets." % sys.platform)
 @requireAttrs(socket, "AF_UNIX", "SOL_SOCKET", "SCM_RIGHTS")
 class RecvmsgSCMRightsStreamTest(SCMRightsTest, SendrecvmsgUnixStreamTestBase):
     pass
 
 @requireAttrs(socket.socket, "sendmsg", "recvmsg_into")
+@unittest.skipIf(is_apple_mobile, "%s doesn't fully support UNIX sockets." % sys.platform)
 @requireAttrs(socket, "AF_UNIX", "SOL_SOCKET", "SCM_RIGHTS")
 class RecvmsgIntoSCMRightsStreamTest(RecvmsgIntoMixin, SCMRightsTest,
                                      SendrecvmsgUnixStreamTestBase):
diff --git a/Lib/test/test_socketserver.py b/Lib/test/test_socketserver.py
index 1e5224df01..eb204530e7 100644
--- a/Lib/test/test_socketserver.py
+++ b/Lib/test/test_socketserver.py
@@ -8,13 +8,14 @@
 import select
 import signal
 import socket
+import sys
 import tempfile
 import threading
 import unittest
 import socketserver
 
 import test.support
-from test.support import reap_children, reap_threads, verbose
+from test.support import reap_children, reap_threads, verbose, has_subprocess_support, is_apple_mobile
 
 
 test.support.requires("network")
@@ -25,7 +26,7 @@
 HAVE_UNIX_SOCKETS = hasattr(socket, "AF_UNIX")
 requires_unix_sockets = unittest.skipUnless(HAVE_UNIX_SOCKETS,
                                             'requires Unix sockets')
-HAVE_FORKING = hasattr(os, "fork")
+HAVE_FORKING = hasattr(os, "fork") and has_subprocess_support
 requires_forking = unittest.skipUnless(HAVE_FORKING, 'requires forking')
 
 def signal_alarm(n):
@@ -195,12 +196,14 @@
                             self.stream_examine)
 
     @requires_unix_sockets
+    @unittest.skipIf(is_apple_mobile, "%s doesn't fully support UNIX sockets." % sys.platform)
     def test_UnixStreamServer(self):
         self.run_server(socketserver.UnixStreamServer,
                         socketserver.StreamRequestHandler,
                         self.stream_examine)
 
     @requires_unix_sockets
+    @unittest.skipIf(is_apple_mobile, "%s doesn't fully support UNIX sockets." % sys.platform)
     def test_ThreadingUnixStreamServer(self):
         self.run_server(socketserver.ThreadingUnixStreamServer,
                         socketserver.StreamRequestHandler,
diff --git a/Lib/test/test_source_encoding.py b/Lib/test/test_source_encoding.py
index a0bd741c36..759c770e61 100644
--- a/Lib/test/test_source_encoding.py
+++ b/Lib/test/test_source_encoding.py
@@ -1,7 +1,7 @@
 # -*- coding: koi8-r -*-
 
 import unittest
-from test.support import TESTFN, unlink, unload, rmtree, script_helper, captured_stdout
+from test.support import TESTFN, unlink, unload, rmtree, script_helper, captured_stdout, has_subprocess_support
 import importlib
 import os
 import sys
@@ -12,11 +12,11 @@
 
     def test_pep263(self):
         self.assertEqual(
-            "".encode("utf-8"),
+            "".encode("utf-8"),
             b'\xd0\x9f\xd0\xb8\xd1\x82\xd0\xbe\xd0\xbd'
         )
         self.assertEqual(
-            "\".encode("utf-8"),
+            "\".encode("utf-8"),
             b'\\\xd0\x9f'
         )
 
@@ -60,6 +60,7 @@
         # two bytes in common with the UTF-8 BOM
         self.assertRaises(SyntaxError, eval, b'\xef\xbb\x20')
 
+    @unittest.skipUnless(has_subprocess_support, 'Test requires support for subprocesses.')
     def test_20731(self):
         sub = subprocess.Popen([sys.executable,
                         os.path.join(os.path.dirname(__file__),
diff --git a/Lib/test/test_subprocess.py b/Lib/test/test_subprocess.py
index 4661d1e252..8512d42126 100644
--- a/Lib/test/test_subprocess.py
+++ b/Lib/test/test_subprocess.py
@@ -18,6 +18,7 @@
 import threading
 import gc
 import textwrap
+from test.support import has_subprocess_support
 from test.support import FakePath
 
 try:
@@ -31,6 +32,9 @@
 
 mswindows = (sys.platform == "win32")
 
+if not has_subprocess_support:
+    raise unittest.SkipTest('Test requires support for subprocesses.')
+
 #
 # Depends on the following external programs: Python
 #
diff --git a/Lib/test/test_sundry.py b/Lib/test/test_sundry.py
index 2accad1aee..4824b6c8d0 100644
--- a/Lib/test/test_sundry.py
+++ b/Lib/test/test_sundry.py
@@ -20,7 +20,8 @@
 
             import distutils.bcppcompiler
             import distutils.ccompiler
-            import distutils.cygwinccompiler
+            if sys.platform.startswith('win'):
+                import distutils.cygwinccompiler
             import distutils.filelist
             import distutils.text_file
             import distutils.unixccompiler
diff --git a/Lib/test/test_sys.py b/Lib/test/test_sys.py
index 581a7d6ff5..53e6c3bee1 100644
--- a/Lib/test/test_sys.py
+++ b/Lib/test/test_sys.py
@@ -11,6 +11,7 @@
 import sys
 import sysconfig
 import test.support
+from test.support import has_subprocess_support
 import textwrap
 import unittest
 import warnings
@@ -278,6 +279,7 @@
         finally:
             sys.setrecursionlimit(oldlimit)
 
+    @unittest.skipUnless(has_subprocess_support, 'Test requires support for subprocesses.')
     def test_recursionlimit_fatalerror(self):
         # A fatal error occurs if a second recursion limit is hit when recovering
         # from a first one.
@@ -594,6 +596,7 @@
     def test_clear_type_cache(self):
         sys._clear_type_cache()
 
+    @unittest.skipUnless(has_subprocess_support, 'Test requires support for subprocesses.')
     def test_ioencoding(self):
         env = dict(os.environ)
 
@@ -641,6 +644,7 @@
                          'requires OS support of non-ASCII encodings')
     @unittest.skipUnless(sys.getfilesystemencoding() == locale.getpreferredencoding(False),
                          'requires FS encoding to match locale')
+    @unittest.skipUnless(has_subprocess_support, 'Test requires support for subprocesses.')
     def test_ioencoding_nonascii(self):
         env = dict(os.environ)
 
@@ -653,6 +657,7 @@
 
     @unittest.skipIf(sys.base_prefix != sys.prefix,
                      'Test is not venv-compatible')
+    @unittest.skipUnless(has_subprocess_support, 'Test requires support for subprocesses.')
     def test_executable(self):
         # sys.executable should be absolute
         self.assertEqual(os.path.abspath(sys.executable), sys.executable)
@@ -687,6 +692,7 @@
             expected = None
         self.check_fsencoding(fs_encoding, expected)
 
+    @unittest.skipUnless(has_subprocess_support, 'Test requires support for subprocesses.')
     def c_locale_get_error_handler(self, locale, isolated=False, encoding=None):
         # Force the POSIX locale
         env = os.environ.copy()
diff --git a/Lib/test/test_sysconfig.py b/Lib/test/test_sysconfig.py
index 0ca5c9390d..eca8dad7c7 100644
--- a/Lib/test/test_sysconfig.py
+++ b/Lib/test/test_sysconfig.py
@@ -7,7 +7,7 @@
 
 from test.support import (import_module, TESTFN, unlink, check_warnings,
                           captured_stdout, skip_unless_symlink, change_cwd,
-                          PythonSymlink)
+                          PythonSymlink, has_subprocess_support)
 
 import sysconfig
 from sysconfig import (get_paths, get_platform, get_config_vars,
@@ -229,10 +229,12 @@
 
     def test_get_scheme_names(self):
         wanted = ('nt', 'nt_user', 'osx_framework_user',
-                  'posix_home', 'posix_prefix', 'posix_user')
+                  'posix_home', 'posix_prefix', 'posix_user',
+                  'tvos', 'watchos')
         self.assertEqual(get_scheme_names(), wanted)
 
     @skip_unless_symlink
+    @unittest.skipUnless(has_subprocess_support, 'Test requires support for subprocesses.')
     def test_symlink(self): # Issue 7880
         with PythonSymlink() as py:
             cmd = "-c", "import sysconfig; print(sysconfig.get_platform())"
diff --git a/Lib/test/test_tempfile.py b/Lib/test/test_tempfile.py
index f129454f4c..e0f6652830 100644
--- a/Lib/test/test_tempfile.py
+++ b/Lib/test/test_tempfile.py
@@ -15,11 +15,12 @@
 
 import unittest
 from test import support
+from test_support import has_subprocess_support
 from test.support import script_helper
 
 
 has_textmode = (tempfile._text_openflags != tempfile._bin_openflags)
-has_spawnl = hasattr(os, 'spawnl')
+has_spawnl = hasattr(os, 'spawnl') and has_subprocess_support
 
 # TEST_FILES may need to be tweaked for systems depending on the maximum
 # number of files that can be opened at one time (see ulimit -n)
diff --git a/Lib/test/test_threading.py b/Lib/test/test_threading.py
index ac4e7a7e0f..ca299d6795 100644
--- a/Lib/test/test_threading.py
+++ b/Lib/test/test_threading.py
@@ -4,7 +4,7 @@
 
 import test.support
 from test.support import (verbose, import_module, cpython_only,
-                          requires_type_collecting)
+                          requires_type_collecting, is_apple_mobile)
 from test.support.script_helper import assert_python_ok, assert_python_failure
 
 import random
@@ -929,6 +929,7 @@
 
 class SubinterpThreadingTests(BaseTestCase):
 
+    @unittest.skipIf(is_apple_mobile, "%s doesn't have os.pipe" % sys.platform)
     def test_threads_join(self):
         # Non-daemon threads should be joined at subinterpreter shutdown
         # (issue #18808)
@@ -959,6 +960,7 @@
         # The thread was joined properly.
         self.assertEqual(os.read(r, 1), b"x")
 
+    @unittest.skipIf(is_apple_mobile, "%s doesn't have os.pipe" % sys.platform)
     def test_threads_join_2(self):
         # Same as above, but a delay gets introduced after the thread's
         # Python code returned but before the thread state is deleted.
diff --git a/Lib/test/test_traceback.py b/Lib/test/test_traceback.py
index 2ffb6fa6a7..a9cf84868f 100644
--- a/Lib/test/test_traceback.py
+++ b/Lib/test/test_traceback.py
@@ -7,7 +7,7 @@
 import unittest
 import re
 from test import support
-from test.support import TESTFN, Error, captured_output, unlink, cpython_only
+from test.support import TESTFN, Error, captured_output, unlink, cpython_only, has_subprocess_support
 from test.support.script_helper import assert_python_ok
 import textwrap
 
@@ -106,6 +106,7 @@
             str_name = '.'.join([X.__module__, X.__qualname__])
         self.assertEqual(err[0], "%s: %s\n" % (str_name, str_value))
 
+    @unittest.skipUnless(has_subprocess_support, 'Test requires support for subprocesses.')
     def test_encoded_file(self):
         # Test that tracebacks are correctly printed for encoded source files:
         # - correct line number (Issue2384)
diff --git a/Lib/test/test_unicodedata.py b/Lib/test/test_unicodedata.py
index 07d717688b..69f40e4485 100644
--- a/Lib/test/test_unicodedata.py
+++ b/Lib/test/test_unicodedata.py
@@ -9,7 +9,7 @@
 import sys
 import unittest
 import hashlib
-from test.support import script_helper
+from test.support import script_helper, has_subprocess_support
 
 encoding = 'utf-8'
 errors = 'surrogatepass'
@@ -243,6 +243,7 @@
 
 class UnicodeMiscTest(UnicodeDatabaseTest):
 
+    @unittest.skipUnless(has_subprocess_support, 'Test requires support for subprocesses.')
     def test_failed_import_during_compiling(self):
         # Issue 4367
         # Decoding \N escapes requires the unicodedata module. If it can't be
diff --git a/Lib/test/test_urllib2net.py b/Lib/test/test_urllib2net.py
index 0f43d71ea6..2455eb8a1f 100644
--- a/Lib/test/test_urllib2net.py
+++ b/Lib/test/test_urllib2net.py
@@ -7,6 +7,10 @@
 import urllib.error
 import urllib.request
 import sys
+try:
+    import ssl
+except ImportError:
+    ssl = None
 
 support.requires("network")
 
@@ -156,6 +160,7 @@
 
 ##             self._test_urls(urls, self._extra_handlers()+[bauth, dauth])
 
+    @unittest.skipIf(ssl is None, 'test requires ssl module')
     def test_urlwithfrag(self):
         urlwith_frag = "http://www.pythontest.net/index.html#frag"
         with support.transient_internet(urlwith_frag):
@@ -164,6 +169,7 @@
             self.assertEqual(res.geturl(),
                     "http://www.pythontest.net/index.html#frag")
 
+    @unittest.skipIf(ssl is None, 'test requires ssl module')
     def test_redirect_url_withfrag(self):
         redirect_url_with_frag = "http://www.pythontest.net/redir/with_frag/"
         with support.transient_internet(redirect_url_with_frag):
diff --git a/Lib/test/test_uuid.py b/Lib/test/test_uuid.py
index 92642d239b..ba90e326ae 100644
--- a/Lib/test/test_uuid.py
+++ b/Lib/test/test_uuid.py
@@ -1,5 +1,6 @@
 import unittest.mock
 from test import support
+from test.support import has_subprocess_support
 import builtins
 import contextlib
 import copy
@@ -636,6 +637,7 @@
             equal(str(u), v)
 
     @unittest.skipUnless(os.name == 'posix', 'requires Posix')
+    @unittest.skipUnless(has_subprocess_support, 'Test requires support for subprocesses.')
     def testIssue8621(self):
         # On at least some versions of OSX self.uuid.uuid4 generates
         # the same sequence of UUIDs in the parent and any
@@ -675,6 +677,7 @@
     _uuid = py_uuid
 
     @unittest.skipUnless(os.name == 'posix', 'requires Posix')
+    @unittest.skipUnless(has_subprocess_support, 'Test requires support for subprocesses.')
     def test_find_mac(self):
         data = '''
 fake hwaddr
@@ -709,6 +712,7 @@
 
     @unittest.skipUnless(_uuid._ifconfig_getnode in _uuid._GETTERS,
         "ifconfig is not used for introspection on this platform")
+    @unittest.skipUnless(has_subprocess_support, 'Test requires support for subprocesses.')
     def test_ifconfig_getnode(self):
         node = self.uuid._ifconfig_getnode()
         self.check_node(node, 'ifconfig')
@@ -721,6 +725,7 @@
 
     @unittest.skipUnless(_uuid._arp_getnode in _uuid._GETTERS,
         "arp is not used for introspection on this platform")
+    @unittest.skipUnless(has_subprocess_support, 'Test requires support for subprocesses.')
     def test_arp_getnode(self):
         node = self.uuid._arp_getnode()
         self.check_node(node, 'arp')
@@ -733,6 +738,7 @@
 
     @unittest.skipUnless(_uuid._netstat_getnode in _uuid._GETTERS,
         "netstat is not used for introspection on this platform")
+    @unittest.skipUnless(has_subprocess_support, 'Test requires support for subprocesses.')
     def test_netstat_getnode(self):
         node = self.uuid._netstat_getnode()
         self.check_node(node, 'netstat')
diff --git a/Lib/test/test_venv.py b/Lib/test/test_venv.py
index 28743f03ae..4976411339 100644
--- a/Lib/test/test_venv.py
+++ b/Lib/test/test_venv.py
@@ -17,7 +17,7 @@
 from test.support import (captured_stdout, captured_stderr, requires_zlib,
                           can_symlink, EnvironmentVarGuard, rmtree,
                           import_module,
-                          skip_if_broken_multiprocessing_synchronize)
+                          skip_if_broken_multiprocessing_synchronize, has_subprocess_support)
 import threading
 import unittest
 import venv
@@ -140,6 +140,7 @@
         self.assertIn("prompt = 'My prompt'\n", data)
 
     @requireVenvCreate
+    @unittest.skipUnless(has_subprocess_support, 'Test requires support for subprocesses.')
     def test_prefixes(self):
         """
         Test that the prefix values are as expected.
@@ -277,6 +278,7 @@
     # point to the venv being used to run the test, and we lose the link
     # to the source build - so Python can't initialise properly.
     @requireVenvCreate
+    @unittest.skipUnless(has_subprocess_support, 'Test requires support for subprocesses.')
     def test_executable(self):
         """
         Test that the sys.executable value is as expected.
@@ -290,6 +292,7 @@
         self.assertEqual(out.strip(), envpy.encode())
 
     @unittest.skipUnless(can_symlink(), 'Needs symlinks')
+    @unittest.skipUnless(has_subprocess_support, 'Test requires support for subprocesses.')
     def test_executable_symlinks(self):
         """
         Test that the sys.executable value is as expected.
@@ -375,6 +378,7 @@
 @requireVenvCreate
 class EnsurePipTest(BaseTest):
     """Test venv module installation of pip."""
+    @unittest.skipUnless(has_subprocess_support, 'Test requires support for subprocesses.')
     def assert_pip_not_installed(self):
         envpy = os.path.join(os.path.realpath(self.env_dir),
                              self.bindir, self.exe)
@@ -499,6 +503,7 @@
 
     # Issue #26610: pip/pep425tags.py requires ctypes
     @unittest.skipUnless(ctypes, 'pip requires ctypes')
+    @unittest.skipUnless(has_subprocess_support, 'Test requires support for subprocesses.')
     @requires_zlib
     def test_with_pip(self):
         self.do_test_with_pip(False)
diff --git a/Lib/test/test_webbrowser.py b/Lib/test/test_webbrowser.py
index 519a9432ab..1a2ff78ca7 100644
--- a/Lib/test/test_webbrowser.py
+++ b/Lib/test/test_webbrowser.py
@@ -4,8 +4,12 @@
 import sys
 import subprocess
 from unittest import mock
+import sys
 from test import support
+from test.support import is_apple_mobile
 
+if is_apple_mobile:
+    raise unittest.SkipTest("Can't run webbrowser tests on %s" % sys.platform)
 
 URL = 'http://www.example.com'
 CMD_NAME = 'test'
diff --git a/Lib/test/test_zipfile.py b/Lib/test/test_zipfile.py
index 3115344569..2b283e9565 100644
--- a/Lib/test/test_zipfile.py
+++ b/Lib/test/test_zipfile.py
@@ -1140,6 +1140,7 @@
             self.skipTest('requires write access to the installed location')
         unlink(filename)
 
+    @unittest.skipIf(sys.dont_write_bytecode, "Test requires ability to write bytecode")
     def test_write_pyfile(self):
         self.requiresWriteAccess(os.path.dirname(__file__))
         with TemporaryFile() as t, zipfile.PyZipFile(t, "w") as zipfp:
@@ -1184,6 +1185,7 @@
             self.assertCompiledIn('email/__init__.py', names)
             self.assertCompiledIn('email/mime/text.py', names)
 
+    @unittest.skipIf(sys.dont_write_bytecode, "Test requires ability to write bytecode")
     def test_write_filtered_python_package(self):
         import test
         packagedir = os.path.dirname(test.__file__)
diff --git a/Lib/unittest/test/test_runner.py b/Lib/unittest/test/test_runner.py
index 7d36340741..cb0429e044 100644
--- a/Lib/unittest/test/test_runner.py
+++ b/Lib/unittest/test/test_runner.py
@@ -9,6 +9,7 @@
 
 from unittest.test.support import (LoggingResult,
                                    ResultWithNoStartTestRunStopTestRun)
+from test.support import has_subprocess_support
 
 
 def resultFactory(*_):
@@ -935,6 +936,7 @@
         expectedresult = (runner.stream, DESCRIPTIONS, VERBOSITY)
         self.assertEqual(runner._makeResult(), expectedresult)
 
+    @unittest.skipUnless(has_subprocess_support, 'Test requires support for subprocesses.')
     def test_warnings(self):
         """
         Check that warnings argument of TextTestRunner correctly affects the
diff --git a/Lib/webbrowser.py b/Lib/webbrowser.py
index 6023c1e138..ae5803c4c8 100755
--- a/Lib/webbrowser.py
+++ b/Lib/webbrowser.py
@@ -590,6 +590,57 @@
 
     # what to do if _tryorder is now empty?
 
+#
+# Platform support for iOS
+#
+if sys.platform == 'ios':
+    class MobileSafari(BaseBrowser):
+        def open(self, url, new=0, autoraise=True):
+            # This code is the equivalent of:
+            #   NSURL *nsurl = [NSURL URLWithString:url];
+            #   [[UIApplication sharedApplication] openURL:nsurl];
+            from ctypes import cdll, c_void_p, c_char_p, c_uint32
+            from ctypes import util
+            objc = cdll.LoadLibrary(util.find_library(b'objc'))
+            cf = cdll.LoadLibrary(util.find_library(b'CoreFoundation'))
+            objc.objc_getClass.restype = c_void_p
+            objc.objc_getClass.argtypes = [c_char_p]
+            objc.sel_registerName.restype = c_void_p
+            objc.sel_registerName.argtypes = [c_char_p]
+            cf.CFStringCreateWithCString.restype = c_void_p
+            cf.CFStringCreateWithCString.argtypes = [c_void_p, c_char_p, c_uint32]
+
+            # Get an NSString describing the URL
+            kCFStringEncodingUTF8 = 0x08000100
+            url = c_void_p(cf.CFStringCreateWithCString(None, url.encode('utf-8'), kCFStringEncodingUTF8))
+            autorelease = c_void_p(objc.sel_registerName(b'autorelease'))
+            objc.objc_msgSend.argtypes = [c_void_p, c_void_p]
+            objc.objc_msgSend.restype = c_void_p
+            objc.objc_msgSend(url, autorelease)
+
+            # Get an NSURL object representing the URL
+            NSURL = c_void_p(objc.objc_getClass(b'NSURL'))
+            urlWithString_ = c_void_p(objc.sel_registerName(b'URLWithString:'))
+            objc.objc_msgSend.restype = c_void_p
+            objc.objc_msgSend.argtypes = [c_void_p, c_void_p, c_void_p]
+            nsurl = c_void_p(objc.objc_msgSend(NSURL, urlWithString_, url))
+
+            # Get the shared UIApplication instance
+            UIApplication = c_void_p(objc.objc_getClass(b'UIApplication'))
+            sharedApplication = c_void_p(objc.sel_registerName(b'sharedApplication'))
+            objc.objc_msgSend.argtypes = [c_void_p, c_void_p]
+            objc.objc_msgSend.restype = c_void_p
+            shared_app = c_void_p(objc.objc_msgSend(UIApplication, sharedApplication))
+
+            # Open the URL on the shared application
+            openURL_ = c_void_p(objc.sel_registerName(b'openURL:'))
+            objc.objc_msgSend.argtypes = [c_void_p, c_void_p, c_void_p]
+            objc.objc_msgSend.restype = None
+            objc.objc_msgSend(shared_app, openURL_, nsurl)
+
+            return True
+
+    register("mobilesafari", None, MobileSafari(), preferred=True)
 
 #
 # Platform support for Windows
diff --git a/Makefile.pre.in b/Makefile.pre.in
index 7e381283fe..a8a23ee199 100644
--- a/Makefile.pre.in
+++ b/Makefile.pre.in
@@ -294,6 +294,8 @@
 ##########################################################################
 
 LIBFFI_INCLUDEDIR=	@LIBFFI_INCLUDEDIR@
+LIBFFI_LIBDIR=	@LIBFFI_LIBDIR@
+LIBFFI_LIB=@LIBFFI_LIB@
 
 ##########################################################################
 # Parser
diff --git a/Modules/_posixsubprocess.c b/Modules/_posixsubprocess.c
index 05c051c612..51baf1c07e 100644
--- a/Modules/_posixsubprocess.c
+++ b/Modules/_posixsubprocess.c
@@ -510,11 +510,15 @@
     saved_errno = 0;
     for (i = 0; exec_array[i] != NULL; ++i) {
         const char *executable = exec_array[i];
+#if defined(__ENVIRONMENT_TV_OS_VERSION_MIN_REQUIRED__) || defined(__ENVIRONMENT_WATCH_OS_VERSION_MIN_REQUIRED__)
+	errno = ENOTSUP;
+#else
         if (envp) {
             execve(executable, argv, envp);
         } else {
             execv(executable, argv);
         }
+#endif
         if (errno != ENOENT && errno != ENOTDIR && saved_errno == 0) {
             saved_errno = errno;
         }
@@ -690,7 +694,12 @@
         need_after_fork = 1;
     }
 
+#if defined(__ENVIRONMENT_TV_OS_VERSION_MIN_REQUIRED__) || defined(__ENVIRONMENT_WATCH_OS_VERSION_MIN_REQUIRED__)
+    pid = -1;
+    errno = ENOTSUP;
+#else
     pid = fork();
+#endif
     if (pid == 0) {
         /* Child process */
         /*
diff --git a/Modules/faulthandler.c b/Modules/faulthandler.c
index 230cde4934..c1041c3fa4 100644
--- a/Modules/faulthandler.c
+++ b/Modules/faulthandler.c
@@ -1,3 +1,7 @@
+#ifdef __APPLE__
+#  include "TargetConditionals.h"
+#endif /* __APPLE__ */
+
 #include "Python.h"
 #include "pycore_initconfig.h"
 #include "pycore_traceback.h"
@@ -16,6 +20,11 @@
 #  include <sys/resource.h>
 #endif
 
+// tvOS and watchOS don't provide a number of important POSIX functions.
+#if defined(__ENVIRONMENT_TV_OS_VERSION_MIN_REQUIRED__) || defined(__ENVIRONMENT_WATCH_OS_VERSION_MIN_REQUIRED__)
+#  undef HAVE_SIGALTSTACK
+#endif /* TVOS || WATCHOS */
+
 /* Allocate at maximum 100 MiB of the stack to raise the stack overflow */
 #define STACK_OVERFLOW_MAX_SIZE (100 * 1024 * 1024)
 
diff --git a/Modules/mathmodule.c b/Modules/mathmodule.c
index b78fcedd03..9967453e3e 100644
--- a/Modules/mathmodule.c
+++ b/Modules/mathmodule.c
@@ -63,6 +63,10 @@
 /*[clinic end generated code: output=da39a3ee5e6b4b0d input=76bc7002685dd942]*/
 
 
+#ifdef __APPLE__
+#  include "TargetConditionals.h"
+#endif /* __APPLE__ */
+
 /*
    sin(pi*x), giving accurate results for all finite x (especially x
    integral or close to an integer).  This is here for use in the
diff --git a/Modules/posixmodule.c b/Modules/posixmodule.c
index d7edabe5da..d4b3d322d7 100644
--- a/Modules/posixmodule.c
+++ b/Modules/posixmodule.c
@@ -20,6 +20,8 @@
 #  pragma weak statvfs
 #  pragma weak fstatvfs
 
+#  include "TargetConditionals.h"
+
 #endif /* __APPLE__ */
 
 #define PY_SSIZE_T_CLEAN
@@ -217,6 +219,25 @@
 #endif  /* _MSC_VER */
 #endif  /* ! __WATCOMC__ || __QNX__ */
 
+// iOS/tvOS/watchOS *define* a number of POSIX functions, but you can't use them
+// because iOS isn't a conventional multiprocess environment.
+#if TARGET_OS_IPHONE
+#  undef HAVE_EXECV
+#  undef HAVE_FORK
+#  undef HAVE_FORK1
+#  undef HAVE_FORKPTY
+#  undef HAVE_GETGROUPS
+#  undef HAVE_POSIX_SPAWN
+#  undef HAVE_POSIX_SPAWNP
+#  undef HAVE_SCHED_H
+#  undef HAVE_SENDFILE
+#  undef HAVE_SETPRIORITY
+#  undef HAVE_SPAWNV
+#  undef HAVE_WAIT
+#  undef HAVE_WAIT3
+#  undef HAVE_WAIT4
+#  undef HAVE_WAITPID
+#endif
 
 /*[clinic input]
 # one of the few times we lie about this name!
@@ -443,27 +464,33 @@
         }
     }
 }
+#endif
 
 void
 PyOS_BeforeFork(void)
 {
+#ifdef HAVE_FORK
     run_at_forkers(_PyInterpreterState_Get()->before_forkers, 1);
 
     _PyImport_AcquireLock();
+#endif
 }
 
 void
 PyOS_AfterFork_Parent(void)
 {
+#ifdef HAVE_FORK
     if (_PyImport_ReleaseLock() <= 0)
         Py_FatalError("failed releasing import lock after fork");
 
     run_at_forkers(_PyInterpreterState_Get()->after_forkers_parent, 0);
+#endif
 }
 
 void
 PyOS_AfterFork_Child(void)
 {
+#ifdef HAVE_FORK
     _PyRuntimeState *runtime = &_PyRuntime;
     _PyGILState_Reinit(runtime);
     _PyEval_ReInitThreads(runtime);
@@ -473,8 +500,10 @@
     _PyInterpreterState_DeleteExceptMain(runtime);
 
     run_at_forkers(_PyInterpreterState_Get()->after_forkers_child, 0);
+#endif
 }
 
+#ifdef HAVE_FORK
 static int
 register_at_forker(PyObject **lst, PyObject *func)
 {
@@ -493,9 +522,7 @@
 void
 PyOS_AfterFork(void)
 {
-#ifdef HAVE_FORK
     PyOS_AfterFork_Child();
-#endif
 }
 
 
@@ -1374,7 +1401,9 @@
 */
 #include <crt_externs.h>
 #elif !defined(_MSC_VER) && (!defined(__WATCOMC__) || defined(__QNX__) || defined(__VXWORKS__))
+#  if !TARGET_OS_TV && !TARGET_OS_WATCH
 extern char **environ;
+#  endif
 #endif /* !_MSC_VER */
 
 static PyObject *
@@ -1390,6 +1419,7 @@
     d = PyDict_New();
     if (d == NULL)
         return NULL;
+#if !TARGET_OS_TV && !TARGET_OS_WATCH
 #ifdef MS_WINDOWS
     /* _wenviron must be initialized in this way if the program is started
        through main() instead of wmain(). */
@@ -1445,6 +1475,7 @@
         Py_DECREF(k);
         Py_DECREF(v);
     }
+#endif
     return d;
 }
 
@@ -4482,7 +4513,12 @@
     }
 
     Py_BEGIN_ALLOW_THREADS
+#if TARGET_OS_IPHONE
+    result = -1;
+    errno = ENOTSUP;
+#else
     result = system(bytes);
+#endif
     Py_END_ALLOW_THREADS
     return result;
 }
@@ -4764,7 +4800,7 @@
 static int
 utime_dir_fd(utime_t *ut, int dir_fd, const char *path, int follow_symlinks)
 {
-#ifdef HAVE_UTIMENSAT
+#if defined(HAVE_UTIMENSAT) && (!TARGET_OS_IOS || __IPHONE_OS_VERSION_MIN_REQUIRED >= __IPHONE_11_0)
     int flags = follow_symlinks ? 0 : AT_SYMLINK_NOFOLLOW;
     UTIME_TO_TIMESPEC;
     return utimensat(dir_fd, path, time, flags);
@@ -4790,7 +4826,7 @@
 static int
 utime_fd(utime_t *ut, int fd)
 {
-#ifdef HAVE_FUTIMENS
+#if defined(HAVE_FUTIMENS) && (!TARGET_OS_IOS || __IPHONE_OS_VERSION_MIN_REQUIRED >= __IPHONE_11_0)
     UTIME_TO_TIMESPEC;
     return futimens(fd, time);
 #else
@@ -4813,7 +4849,7 @@
 static int
 utime_nofollow_symlinks(utime_t *ut, const char *path)
 {
-#ifdef HAVE_UTIMENSAT
+#if defined(HAVE_UTIMENSAT) && (!TARGET_OS_IOS || __IPHONE_OS_VERSION_MIN_REQUIRED >= __IPHONE_11_0)
     UTIME_TO_TIMESPEC;
     return utimensat(DEFAULT_DIR_FD, path, time, AT_SYMLINK_NOFOLLOW);
 #else
@@ -4829,7 +4865,7 @@
 static int
 utime_default(utime_t *ut, const char *path)
 {
-#ifdef HAVE_UTIMENSAT
+#if defined(HAVE_UTIMENSAT) && (!TARGET_OS_IOS || __IPHONE_OS_VERSION_MIN_REQUIRED >= __IPHONE_11_0)
     UTIME_TO_TIMESPEC;
     return utimensat(DEFAULT_DIR_FD, path, time, 0);
 #elif defined(HAVE_UTIMES)
diff --git a/Modules/pwdmodule.c b/Modules/pwdmodule.c
index e0232b8d58..31749b0f13 100644
--- a/Modules/pwdmodule.c
+++ b/Modules/pwdmodule.c
@@ -1,6 +1,10 @@
 
 /* UNIX password file access module */
 
+#ifdef __APPLE__
+#  include "TargetConditionals.h"
+#endif /* __APPLE__ */
+
 #include "Python.h"
 #include "posixmodule.h"
 
@@ -173,6 +177,22 @@
         if (nomem == 1) {
             return PyErr_NoMemory();
         }
+
+// iPhone has a "user" with UID 501, username "mobile"; but the simulator
+// doesn't reflect this. Generate a simulated response.
+#if TARGET_IPHONE_SIMULATOR
+        if (uid == 501) {
+            struct passwd mp;
+            mp.pw_name = "mobile";
+            mp.pw_passwd = "/smx7MYTQIi2M";
+            mp.pw_uid = 501;
+            mp.pw_gid = 501;
+            mp.pw_gecos = "Mobile User";
+            mp.pw_dir = "/var/mobile";
+            mp.pw_shell = "/bin/sh";
+            return mkpwent(&mp);
+        }
+#endif
         PyObject *uid_obj = _PyLong_FromUid(uid);
         if (uid_obj == NULL)
             return NULL;
@@ -256,6 +276,22 @@
             PyErr_NoMemory();
         }
         else {
+// iPhone has a "user" with UID 501, username "mobile"; but the simulator
+// doesn't reflect this. Generate a simulated response.
+#if TARGET_IPHONE_SIMULATOR
+            if (strcmp(name, "mobile") == 0) {
+                struct passwd mp;
+                mp.pw_name = "mobile";
+                mp.pw_passwd = "/smx7MYTQIi2M";
+                mp.pw_uid = 501;
+                mp.pw_gid = 501;
+                mp.pw_gecos = "Mobile User";
+                mp.pw_dir = "/var/mobile";
+                mp.pw_shell = "/bin/sh";
+                retval = mkpwent(&mp);
+                goto out;
+            }
+#endif
             PyErr_Format(PyExc_KeyError,
                          "getpwnam(): name not found: %R", name);
         }
diff --git a/Modules/timemodule.c b/Modules/timemodule.c
index 096911dacf..ebf77521dd 100644
--- a/Modules/timemodule.c
+++ b/Modules/timemodule.c
@@ -50,6 +50,11 @@
 
 #define SEC_TO_NS (1000 * 1000 * 1000)
 
+#ifdef __APPLE__
+#  include "TargetConditionals.h"
+#endif /* __APPLE__ */
+
+
 /* Forward declarations */
 static int pysleep(_PyTime_t);
 
@@ -223,11 +228,13 @@
     if (_PyTime_AsTimespec(t, &tp) == -1)
         return NULL;
 
+#if !TARGET_OS_IPHONE
     ret = clock_settime((clockid_t)clk_id, &tp);
     if (ret != 0) {
         PyErr_SetFromErrno(PyExc_OSError);
         return NULL;
     }
+#endif
     Py_RETURN_NONE;
 }
 
@@ -256,11 +263,13 @@
         return NULL;
     }
 
+#if !TARGET_OS_IPHONE
     ret = clock_settime((clockid_t)clk_id, &ts);
     if (ret != 0) {
         PyErr_SetFromErrno(PyExc_OSError);
         return NULL;
     }
+#endif
     Py_RETURN_NONE;
 }
 
diff --git a/Python/bootstrap_hash.c b/Python/bootstrap_hash.c
index eb2b6d08d8..7d8124f795 100644
--- a/Python/bootstrap_hash.c
+++ b/Python/bootstrap_hash.c
@@ -25,6 +25,10 @@
 #  include <sanitizer/msan_interface.h>
 #endif
 
+#ifdef __APPLE__
+#  include "TargetConditionals.h"
+#endif /* __APPLE__ */
+
 #ifdef Py_DEBUG
 int _Py_HashSecret_Initialized = 0;
 #else
@@ -195,6 +199,9 @@
 }
 
 #elif defined(HAVE_GETENTROPY)
+// iOS, tvOS and watchOS have an incomplete definitions of getentropy
+// so it is *found* by configure, but doesn't actually exist.
+#elif defined(HAVE_GETENTROPY) && !TARGET_OS_IPHONE
 #define PY_GETENTROPY 1
 
 /* Fill buffer with size pseudo-random bytes generated by getentropy():
diff --git a/Python/marshal.c b/Python/marshal.c
index a9ba7a436f..e40b6b95cd 100644
--- a/Python/marshal.c
+++ b/Python/marshal.c
@@ -14,6 +14,10 @@
 #include "marshal.h"
 #include "../Modules/hashtable.h"
 
+#ifdef __APPLE__
+#  include "TargetConditionals.h"
+#endif /* __APPLE__ */
+
 /*[clinic input]
 module marshal
 [clinic start generated code]*/
@@ -33,9 +37,13 @@
  * #if defined(MS_WINDOWS) && defined(_DEBUG)
  */
 #if defined(MS_WINDOWS)
-#define MAX_MARSHAL_STACK_DEPTH 1000
+#  define MAX_MARSHAL_STACK_DEPTH 1000
 #else
-#define MAX_MARSHAL_STACK_DEPTH 2000
+#  if TARGET_OS_IPHONE
+#    define MAX_MARSHAL_STACK_DEPTH 1500
+#  else
+#    define MAX_MARSHAL_STACK_DEPTH 2000
+#  endif
 #endif
 
 #define TYPE_NULL               '0'
diff --git a/aclocal.m4 b/aclocal.m4
index 04342a4982..52102fe4bb 100644
--- a/aclocal.m4
+++ b/aclocal.m4
@@ -1,6 +1,6 @@
-# generated automatically by aclocal 1.16.2 -*- Autoconf -*-
+# generated automatically by aclocal 1.16.5 -*- Autoconf -*-
 
-# Copyright (C) 1996-2020 Free Software Foundation, Inc.
+# Copyright (C) 1996-2021 Free Software Foundation, Inc.
 
 # This file is free software; the Free Software Foundation
 # gives unlimited permission to copy and/or distribute it,
@@ -130,7 +130,7 @@
 #   and this notice are preserved. This file is offered as-is, without any
 #   warranty.
 
-#serial 10
+#serial 11
 
 AU_ALIAS([CHECK_SSL], [AX_CHECK_OPENSSL])
 AC_DEFUN([AX_CHECK_OPENSSL], [
@@ -173,7 +173,7 @@
     if ! $found; then
         OPENSSL_INCLUDES=
         for ssldir in $ssldirs; do
-            AC_MSG_CHECKING([for openssl/ssl.h in $ssldir])
+            AC_MSG_CHECKING([for include/openssl/ssl.h in $ssldir])
             if test -f "$ssldir/include/openssl/ssl.h"; then
                 OPENSSL_INCLUDES="-I$ssldir/include"
                 OPENSSL_LDFLAGS="-L$ssldir/lib"
@@ -222,7 +222,7 @@
 ])
 
 # pkg.m4 - Macros to locate and utilise pkg-config.   -*- Autoconf -*-
-# serial 11 (pkg-config-0.29.1)
+# serial 12 (pkg-config-0.29.2)
 
 dnl Copyright  2004 Scott James Remnant <scott@netsplit.com>.
 dnl Copyright  2012-2015 Dan Nicholson <dbn.lists@gmail.com>
@@ -264,7 +264,7 @@
 dnl See the "Since" comment for each macro you use to see what version
 dnl of the macros you require.
 m4_defun([PKG_PREREQ],
-[m4_define([PKG_MACROS_VERSION], [0.29.1])
+[m4_define([PKG_MACROS_VERSION], [0.29.2])
 m4_if(m4_version_compare(PKG_MACROS_VERSION, [$1]), -1,
     [m4_fatal([pkg.m4 version $1 or higher is required but ]PKG_MACROS_VERSION[ found])])
 ])dnl PKG_PREREQ
@@ -365,7 +365,7 @@
 AC_ARG_VAR([$1][_LIBS], [linker flags for $1, overriding pkg-config])dnl
 
 pkg_failed=no
-AC_MSG_CHECKING([for $1])
+AC_MSG_CHECKING([for $2])
 
 _PKG_CONFIG([$1][_CFLAGS], [cflags], [$2])
 _PKG_CONFIG([$1][_LIBS], [libs], [$2])
@@ -375,11 +375,11 @@
 See the pkg-config man page for more details.])
 
 if test $pkg_failed = yes; then
-   	AC_MSG_RESULT([no])
+        AC_MSG_RESULT([no])
         _PKG_SHORT_ERRORS_SUPPORTED
         if test $_pkg_short_errors_supported = yes; then
 	        $1[]_PKG_ERRORS=`$PKG_CONFIG --short-errors --print-errors --cflags --libs "$2" 2>&1`
-        else 
+        else
 	        $1[]_PKG_ERRORS=`$PKG_CONFIG --print-errors --cflags --libs "$2" 2>&1`
         fi
 	# Put the nasty error message in config.log where it belongs
@@ -396,7 +396,7 @@
 _PKG_TEXT])[]dnl
         ])
 elif test $pkg_failed = untried; then
-     	AC_MSG_RESULT([no])
+        AC_MSG_RESULT([no])
 	m4_default([$4], [AC_MSG_FAILURE(
 [The pkg-config script could not be found or is too old.  Make sure it
 is in your PATH or set the PKG_CONFIG environment variable to the full
@@ -497,71 +497,3 @@
 AS_VAR_IF([$1], [""], [$5], [$4])dnl
 ])dnl PKG_CHECK_VAR
 
-dnl PKG_WITH_MODULES(VARIABLE-PREFIX, MODULES,
-dnl   [ACTION-IF-FOUND],[ACTION-IF-NOT-FOUND],
-dnl   [DESCRIPTION], [DEFAULT])
-dnl ------------------------------------------
-dnl
-dnl Prepare a "--with-" configure option using the lowercase
-dnl [VARIABLE-PREFIX] name, merging the behaviour of AC_ARG_WITH and
-dnl PKG_CHECK_MODULES in a single macro.
-AC_DEFUN([PKG_WITH_MODULES],
-[
-m4_pushdef([with_arg], m4_tolower([$1]))
-
-m4_pushdef([description],
-           [m4_default([$5], [build with ]with_arg[ support])])
-
-m4_pushdef([def_arg], [m4_default([$6], [auto])])
-m4_pushdef([def_action_if_found], [AS_TR_SH([with_]with_arg)=yes])
-m4_pushdef([def_action_if_not_found], [AS_TR_SH([with_]with_arg)=no])
-
-m4_case(def_arg,
-            [yes],[m4_pushdef([with_without], [--without-]with_arg)],
-            [m4_pushdef([with_without],[--with-]with_arg)])
-
-AC_ARG_WITH(with_arg,
-     AS_HELP_STRING(with_without, description[ @<:@default=]def_arg[@:>@]),,
-    [AS_TR_SH([with_]with_arg)=def_arg])
-
-AS_CASE([$AS_TR_SH([with_]with_arg)],
-            [yes],[PKG_CHECK_MODULES([$1],[$2],$3,$4)],
-            [auto],[PKG_CHECK_MODULES([$1],[$2],
-                                        [m4_n([def_action_if_found]) $3],
-                                        [m4_n([def_action_if_not_found]) $4])])
-
-m4_popdef([with_arg])
-m4_popdef([description])
-m4_popdef([def_arg])
-
-])dnl PKG_WITH_MODULES
-
-dnl PKG_HAVE_WITH_MODULES(VARIABLE-PREFIX, MODULES,
-dnl   [DESCRIPTION], [DEFAULT])
-dnl -----------------------------------------------
-dnl
-dnl Convenience macro to trigger AM_CONDITIONAL after PKG_WITH_MODULES
-dnl check._[VARIABLE-PREFIX] is exported as make variable.
-AC_DEFUN([PKG_HAVE_WITH_MODULES],
-[
-PKG_WITH_MODULES([$1],[$2],,,[$3],[$4])
-
-AM_CONDITIONAL([HAVE_][$1],
-               [test "$AS_TR_SH([with_]m4_tolower([$1]))" = "yes"])
-])dnl PKG_HAVE_WITH_MODULES
-
-dnl PKG_HAVE_DEFINE_WITH_MODULES(VARIABLE-PREFIX, MODULES,
-dnl   [DESCRIPTION], [DEFAULT])
-dnl ------------------------------------------------------
-dnl
-dnl Convenience macro to run AM_CONDITIONAL and AC_DEFINE after
-dnl PKG_WITH_MODULES check. HAVE_[VARIABLE-PREFIX] is exported as make
-dnl and preprocessor variable.
-AC_DEFUN([PKG_HAVE_DEFINE_WITH_MODULES],
-[
-PKG_HAVE_WITH_MODULES([$1],[$2],[$3],[$4])
-
-AS_IF([test "$AS_TR_SH([with_]m4_tolower([$1]))" = "yes"],
-        [AC_DEFINE([HAVE_][$1], 1, [Enable ]m4_tolower([$1])[ support])])
-])dnl PKG_HAVE_DEFINE_WITH_MODULES
-
diff --git a/config.sub b/config.sub
index ba37cf99e2..5060396a73 100755
--- a/config.sub
+++ b/config.sub
@@ -116,6 +116,7 @@
 case $maybe_os in
   nto-qnx* | linux-gnu* | linux-android* | linux-dietlibc | linux-newlib* | \
   linux-musl* | linux-uclibc* | uclinux-uclibc* | uclinux-gnu* | kfreebsd*-gnu* | \
+  ios*-simulator | tvos*-simulator | watchos*-simulator | \
   knetbsd*-gnu* | netbsd*-gnu* | netbsd*-eabi* | \
   kopensolaris*-gnu* | cloudabi*-eabi* | \
   storm-chaos* | os2-emx* | rtmk-nova*)
@@ -249,7 +250,7 @@
 	| alpha64 | alpha64ev[4-8] | alpha64ev56 | alpha64ev6[78] | alpha64pca5[67] \
 	| am33_2.0 \
 	| arc | arceb \
-	| arm | arm[bl]e | arme[lb] | armv[2-8] | armv[3-8][lb] | armv6m | armv[78][arm] \
+	| arm | arm[bl]e | arme[lb] | armv[2-8] | armv[3-8][lb] | armv6m | armv[78][armk] \
 	| avr | avr32 \
 	| ba \
 	| be32 | be64 \
@@ -376,7 +377,7 @@
 	| alpha-* | alphaev[4-8]-* | alphaev56-* | alphaev6[78]-* \
 	| alpha64-* | alpha64ev[4-8]-* | alpha64ev56-* | alpha64ev6[78]-* \
 	| alphapca5[67]-* | alpha64pca5[67]-* | arc-* | arceb-* \
-	| arm-*  | armbe-* | armle-* | armeb-* | armv*-* \
+	| arm-*  | armbe-* | armle-* | armeb-* | armv*-* | arm64-* \
 	| avr-* | avr32-* \
 	| ba-* \
 	| be32-* | be64-* \
@@ -454,6 +455,10 @@
 	| ymp-* \
 	| z8k-* | z80-*)
 		;;
+	arm64-* | arm64e-* | arm64_32-*)
+ 		basic_machine=aarch64-`echo "$basic_machine" | sed 's/^[^-]*-//'`
+ 		;;
+  	# Recognize the ba
 	# Recognize the basic CPU types without company name, with glob match.
 	xtensa*)
 		basic_machine=$basic_machine-unknown
@@ -1524,7 +1529,11 @@
 		;;
 	-nacl*)
 		;;
-	-ios)
+	-ios | -ios-simulator)
+		;;
+	-tvos | -tvos-simulator)
+		;;
+	-watchos | -watchos-simulator)
 		;;
 	-none)
 		;;
diff --git a/configure b/configure
index c091865aff..2fef54d86f 100755
--- a/configure
+++ b/configure
@@ -653,6 +653,8 @@
 DTRACE
 TCLTK_LIBS
 TCLTK_INCLUDES
+LIBFFI_LIB
+LIBFFI_LIBDIR
 LIBFFI_INCLUDEDIR
 PKG_CONFIG_LIBDIR
 PKG_CONFIG_PATH
@@ -3268,6 +3270,15 @@
 	*-*-cygwin*)
 		ac_sys_system=Cygwin
 		;;
+	*-apple-ios*)
+		ac_sys_system=iOS
+		;;
+	*-apple-tvos*)
+		ac_sys_system=tvOS
+		;;
+	*-apple-watchos*)
+		ac_sys_system=watchOS
+		;;
 	*-*-vxworks*)
 	    ac_sys_system=VxWorks
 	    ;;
@@ -3318,6 +3329,15 @@
 	*-*-cygwin*)
 		_host_cpu=
 		;;
+	*-apple-*)
+		case "$host_cpu" in
+		arm*)
+			_host_cpu=arm
+			;;
+		*)
+			_host_cpu=$host_cpu
+		esac
+		;;
 	*-*-vxworks*)
 		_host_cpu=$host_cpu
 		;;
@@ -3393,6 +3413,13 @@
     define_xopen_source=no;;
   Darwin/[12][0-9].*)
     define_xopen_source=no;;
+  # On iOS, defining _POSIX_C_SOURCE also disables platform specific features.
+  iOS/*)
+    define_xopen_source=no;;
+  tvOS/*)
+    define_xopen_source=no;;
+  watchOS/*)
+    define_xopen_source=no;;
   # On AIX 4 and 5.1, mbstate_t is defined only when _XOPEN_SOURCE == 500 but
   # used in wcsnrtombs() and mbsnrtowcs() even if _XOPEN_SOURCE is not defined
   # or has another value. By not (re)defining it, the defaults come in place.
@@ -5299,7 +5326,30 @@
 #elif defined(__gnu_hurd__)
         i386-gnu
 #elif defined(__APPLE__)
-        darwin
+#  include "TargetConditionals.h"
+#  if TARGET_OS_IOS
+#    if TARGET_OS_SIMULATOR
+       iphonesimulator
+#    else
+       iphoneos
+#    endif
+#  elif TARGET_OS_TV
+#    if TARGET_OS_SIMULATOR
+       appletvsimulator
+#    else
+       appletvos
+#    endif
+#  elif TARGET_OS_WATCH
+#    if TARGET_OS_SIMULATOR
+       watchsimulator
+#    else
+       watchos
+#    endif
+#  elif TARGET_OS_OSX
+     darwin
+#  else
+#    error unknown Apple platform
+#  endif
 #elif defined(__VXWORKS__)
         vxworks
 #else
@@ -5318,10 +5368,26 @@
 fi
 rm -f conftest.c conftest.out
 
-if test x$PLATFORM_TRIPLET != xdarwin; then
-  MULTIARCH=$($CC --print-multiarch 2>/dev/null)
-fi
+{ $as_echo "$as_me:${as_lineno-$LINENO}: checking for multiarch" >&5
+$as_echo_n "checking for multiarch... " >&6; }
+case $ac_sys_system in #(
+  Darwin*) :
+    MULTIARCH="" ;; #(
+  iOS*) :
+    MULTIARCH="" ;; #(
+  tvOS*) :
+    MULTIARCH="" ;; #(
+  watchOS*) :
+    MULTIARCH="" ;; #(
+  FreeBSD*) :
+    MULTIARCH="" ;; #(
+  *) :
+    MULTIARCH=$($CC --print-multiarch 2>/dev/null)
+ ;;
+esac
 
+{ $as_echo "$as_me:${as_lineno-$LINENO}: result: $MULTIARCH" >&5
+$as_echo "$MULTIARCH" >&6; }
 
 if test x$PLATFORM_TRIPLET != x && test x$MULTIARCH != x; then
   if test x$PLATFORM_TRIPLET != x$MULTIARCH; then
@@ -6164,11 +6230,23 @@
 fi
 
 if test "$cross_compiling" = yes; then
-    case "$READELF" in
-	readelf|:)
-	as_fn_error $? "readelf for the host is required for cross builds" "$LINENO" 5
-	;;
-    esac
+	case "$host" in
+	*-apple-ios*)
+		# readelf not required for iOS cross builds.
+        	;;
+	*-apple-tvos*)
+		# readelf not required for tvOS cross builds.
+        	;;
+	*-apple-watchos*)
+		# readelf not required for watchOS cross builds.
+        	;;
+	*)
+    		case "$READELF" in
+			readelf|:)
+			as_fn_error $? "readelf for the host is required for cross builds" "$LINENO" 5
+			;;
+    		esac
+	esac
 fi
 
 
@@ -9457,6 +9535,10 @@
 			BLDSHARED="$LDSHARED"
 		fi
 		;;
+  iOS/*|tvOS/*|watchOS/*)
+    LDSHARED='$(CC) -bundle -undefined dynamic_lookup'
+    LDCXXSHARED='$(CXX) -bundle -undefined dynamic_lookup'
+    ;;
 	Linux*|GNU*|QNX*|VxWorks*)
 		LDSHARED='$(CC) -shared'
 		LDCXXSHARED='$(CXX) -shared';;
@@ -10421,23 +10503,35 @@
     { $as_echo "$as_me:${as_lineno-$LINENO}: result: $with_system_ffi" >&5
 $as_echo "$with_system_ffi" >&6; }
 else
-    { $as_echo "$as_me:${as_lineno-$LINENO}: result: yes" >&5
-$as_echo "yes" >&6; }
-    if test "$with_system_ffi" != ""
+    if test "$ac_sys_system" = "iOS" || test "$ac_sys_system" = "tvOS" || test "$ac_sys_system" = "watchOS"
     then
-        { $as_echo "$as_me:${as_lineno-$LINENO}: WARNING: --with(out)-system-ffi is ignored on this platform" >&5
+        { $as_echo "$as_me:${as_lineno-$LINENO}: result: no" >&5
+$as_echo "no" >&6; }
+        { $as_echo "$as_me:${as_lineno-$LINENO}: WARNING: Using user-provided libffi configuration" >&5
+$as_echo "$as_me: WARNING: Using user-provided libffi configuration" >&2;}
+        LIBFFI_LIBDIR="${LIBFFI_LIBDIR}"
+        LIBFFI_LIB="${LIBFFI_LIB}"
+    else
+        { $as_echo "$as_me:${as_lineno-$LINENO}: result: yes" >&5
+$as_echo "yes" >&6; }
+        if test "$with_system_ffi" != ""
+        then
+            { $as_echo "$as_me:${as_lineno-$LINENO}: WARNING: --with(out)-system-ffi is ignored on this platform" >&5
 $as_echo "$as_me: WARNING: --with(out)-system-ffi is ignored on this platform" >&2;}
+        fi
+        with_system_ffi="yes"
     fi
-    with_system_ffi="yes"
 fi
 
 if test "$with_system_ffi" = "yes" && test -n "$PKG_CONFIG"; then
     LIBFFI_INCLUDEDIR="`"$PKG_CONFIG" libffi --cflags-only-I 2>/dev/null | sed -e 's/^-I//;s/ *$//'`"
 else
-    LIBFFI_INCLUDEDIR=""
+    LIBFFI_INCLUDEDIR="${LIBFFI_INCLUDEDIR}"
 fi
 
 
+
+
 # Check for use of the system libmpdec library
 { $as_echo "$as_me:${as_lineno-$LINENO}: checking for --with-system-libmpdec" >&5
 $as_echo_n "checking for --with-system-libmpdec... " >&6; }
@@ -17278,8 +17372,8 @@
     if ! $found; then
         OPENSSL_INCLUDES=
         for ssldir in $ssldirs; do
-            { $as_echo "$as_me:${as_lineno-$LINENO}: checking for openssl/ssl.h in $ssldir" >&5
-$as_echo_n "checking for openssl/ssl.h in $ssldir... " >&6; }
+            { $as_echo "$as_me:${as_lineno-$LINENO}: checking for include/openssl/ssl.h in $ssldir" >&5
+$as_echo_n "checking for include/openssl/ssl.h in $ssldir... " >&6; }
             if test -f "$ssldir/include/openssl/ssl.h"; then
                 OPENSSL_INCLUDES="-I$ssldir/include"
                 OPENSSL_LDFLAGS="-L$ssldir/lib"
diff --git a/configure.ac b/configure.ac
index de83332dd3..417cec6de2 100644
--- a/configure.ac
+++ b/configure.ac
@@ -392,6 +392,15 @@
 	*-*-cygwin*)
 		ac_sys_system=Cygwin
 		;;
+	*-apple-ios*)
+		ac_sys_system=iOS
+		;;
+	*-apple-tvos*)
+		ac_sys_system=tvOS
+		;;
+	*-apple-watchos*)
+		ac_sys_system=watchOS
+		;;
 	*-*-vxworks*)
 	    ac_sys_system=VxWorks
 	    ;;
@@ -441,6 +450,15 @@
 	*-*-cygwin*)
 		_host_cpu=
 		;;
+	*-apple-*)
+		case "$host_cpu" in
+		arm*)
+			_host_cpu=arm
+			;;
+		*)
+			_host_cpu=$host_cpu
+		esac
+		;;
 	*-*-vxworks*)
 		_host_cpu=$host_cpu
 		;;
@@ -513,6 +531,13 @@
     define_xopen_source=no;;
   Darwin/@<:@[12]@:>@@<:@0-9@:>@.*)
     define_xopen_source=no;;
+  # On iOS, defining _POSIX_C_SOURCE also disables platform specific features.
+  iOS/*)
+    define_xopen_source=no;;
+  tvOS/*)
+    define_xopen_source=no;;
+  watchOS/*)
+    define_xopen_source=no;;
   # On AIX 4 and 5.1, mbstate_t is defined only when _XOPEN_SOURCE == 500 but
   # used in wcsnrtombs() and mbsnrtowcs() even if _XOPEN_SOURCE is not defined
   # or has another value. By not (re)defining it, the defaults come in place.
@@ -857,7 +882,30 @@
 #elif defined(__gnu_hurd__)
         i386-gnu
 #elif defined(__APPLE__)
-        darwin
+#  include "TargetConditionals.h"
+#  if TARGET_OS_IOS
+#    if TARGET_OS_SIMULATOR
+       iphonesimulator
+#    else
+       iphoneos
+#    endif
+#  elif TARGET_OS_TV
+#    if TARGET_OS_SIMULATOR
+       appletvsimulator
+#    else
+       appletvos
+#    endif
+#  elif TARGET_OS_WATCH
+#    if TARGET_OS_SIMULATOR
+       watchsimulator
+#    else
+       watchos
+#    endif
+#  elif TARGET_OS_OSX
+     darwin
+#  else
+#    error unknown Apple platform
+#  endif
 #elif defined(__VXWORKS__)
         vxworks
 #else
@@ -874,10 +922,17 @@
 fi
 rm -f conftest.c conftest.out
 
-if test x$PLATFORM_TRIPLET != xdarwin; then
-  MULTIARCH=$($CC --print-multiarch 2>/dev/null)
-fi
-AC_SUBST(MULTIARCH)
+AC_MSG_CHECKING([for multiarch])
+AS_CASE([$ac_sys_system],
+  [Darwin*], [MULTIARCH=""],
+  [iOS*], [MULTIARCH=""],
+  [tvOS*], [MULTIARCH=""],
+  [watchOS*], [MULTIARCH=""],
+  [FreeBSD*], [MULTIARCH=""],
+  [MULTIARCH=$($CC --print-multiarch 2>/dev/null)]
+)
+AC_SUBST([MULTIARCH])
+AC_MSG_RESULT([$MULTIARCH])
 
 if test x$PLATFORM_TRIPLET != x && test x$MULTIARCH != x; then
   if test x$PLATFORM_TRIPLET != x$MULTIARCH; then
@@ -1201,11 +1256,23 @@
 
 AC_CHECK_TOOLS([READELF], [readelf], [:])
 if test "$cross_compiling" = yes; then
-    case "$READELF" in
-	readelf|:)
-	AC_MSG_ERROR([readelf for the host is required for cross builds])
-	;;
-    esac
+	case "$host" in
+	*-apple-ios*)
+		# readelf not required for iOS cross builds.
+        	;;
+	*-apple-tvos*)
+		# readelf not required for tvOS cross builds.
+        	;;
+	*-apple-watchos*)
+		# readelf not required for watchOS cross builds.
+        	;;
+	*)
+    		case "$READELF" in
+			readelf|:)
+			AC_MSG_ERROR([readelf for the host is required for cross builds])
+			;;
+    		esac
+	esac
 fi
 AC_SUBST(READELF)
 
@@ -2629,6 +2696,10 @@
 			BLDSHARED="$LDSHARED"
 		fi
 		;;
+  iOS/*|tvOS/*|watchOS/*)
+    LDSHARED='$(CC) -bundle -undefined dynamic_lookup'
+    LDCXXSHARED='$(CXX) -bundle -undefined dynamic_lookup'
+    ;;
 	Linux*|GNU*|QNX*|VxWorks*)
 		LDSHARED='$(CC) -shared'
 		LDCXXSHARED='$(CXX) -shared';;
@@ -3012,20 +3083,30 @@
     esac
     AC_MSG_RESULT($with_system_ffi)
 else
-    AC_MSG_RESULT(yes)
-    if test "$with_system_ffi" != ""
+    if test "$ac_sys_system" = "iOS" || test "$ac_sys_system" = "tvOS" || test "$ac_sys_system" = "watchOS"
     then
-        AC_MSG_WARN([--with(out)-system-ffi is ignored on this platform])
+        AC_MSG_RESULT(no)
+        AC_MSG_WARN([Using user-provided libffi configuration])
+        LIBFFI_LIBDIR="${LIBFFI_LIBDIR}"
+        LIBFFI_LIB="${LIBFFI_LIB}"
+    else
+        AC_MSG_RESULT(yes)
+        if test "$with_system_ffi" != ""
+        then
+            AC_MSG_WARN([--with(out)-system-ffi is ignored on this platform])
+        fi
+        with_system_ffi="yes"
     fi
-    with_system_ffi="yes"
 fi
 
 if test "$with_system_ffi" = "yes" && test -n "$PKG_CONFIG"; then
     LIBFFI_INCLUDEDIR="`"$PKG_CONFIG" libffi --cflags-only-I 2>/dev/null | sed -e 's/^-I//;s/ *$//'`"
 else
-    LIBFFI_INCLUDEDIR=""
+    LIBFFI_INCLUDEDIR="${LIBFFI_INCLUDEDIR}"
 fi
 AC_SUBST(LIBFFI_INCLUDEDIR)
+AC_SUBST(LIBFFI_LIBDIR)
+AC_SUBST(LIBFFI_LIB)
 
 # Check for use of the system libmpdec library
 AC_MSG_CHECKING(for --with-system-libmpdec)
diff --git a/pyconfig.h.in b/pyconfig.h.in
index 41cfe07902..75cd6905a0 100644
--- a/pyconfig.h.in
+++ b/pyconfig.h.in
@@ -281,6 +281,9 @@
 /* Define to 1 if you have the `dup3' function. */
 #undef HAVE_DUP3
 
+/* Define if you have the '_dyld_shared_cache_contains_path' function. */
+#undef HAVE_DYLD_SHARED_CACHE_CONTAINS_PATH
+
 /* Defined when any dynamic module loading is enabled. */
 #undef HAVE_DYNAMIC_LOADING
 
@@ -772,9 +775,6 @@
 /* Define if you have the 'prlimit' functions. */
 #undef HAVE_PRLIMIT
 
-/* Define if you have the '_dyld_shared_cache_contains_path' function. */
-#undef HAVE_DYLD_SHARED_CACHE_CONTAINS_PATH
-
 /* Define to 1 if you have the <process.h> header file. */
 #undef HAVE_PROCESS_H
 
diff --git a/setup.py b/setup.py
index 57be07a7e0..b15933862c 100644
--- a/setup.py
+++ b/setup.py
@@ -44,6 +44,9 @@
 MS_WINDOWS = (HOST_PLATFORM == 'win32')
 CYGWIN = (HOST_PLATFORM == 'cygwin')
 MACOS = (HOST_PLATFORM == 'darwin')
+IOS = HOST_PLATFORM.startswith('ios-')
+TVOS = HOST_PLATFORM.startswith('tvos-')
+WATCHOS = HOST_PLATFORM.startswith('watchos-')
 AIX = (HOST_PLATFORM.startswith('aix'))
 VXWORKS = ('vxworks' in HOST_PLATFORM)
 
@@ -1972,6 +1975,11 @@
             extra_compile_args.append('-DMACOSX')
             include_dirs.append('_ctypes/darwin')
 
+        if IOS or TVOS or WATCHOS:
+            sources.append('_ctypes/malloc_closure.c')
+            extra_compile_args.append('-DUSING_MALLOC_CLOSURE_DOT_C=1')
+            include_dirs.append('_ctypes/darwin')
+
         elif HOST_PLATFORM == 'sunos5':
             # XXX This shouldn't be necessary; it appears that some
             # of the assembler code is non-PIC (i.e. it has relocations
@@ -2001,7 +2009,8 @@
                                libraries=['m']))
 
         ffi_inc = sysconfig.get_config_var("LIBFFI_INCLUDEDIR")
-        ffi_lib = None
+        ffi_lib_dir = sysconfig.get_config_var("LIBFFI_LIBDIR")
+        ffi_lib = sysconfig.get_config_var("LIBFFI_LIB")
 
         ffi_inc_dirs = self.inc_dirs.copy()
         if MACOS:
@@ -2030,6 +2039,7 @@
             for lib_name in ('ffi', 'ffi_pic'):
                 if (self.compiler.find_library_file(self.lib_dirs, lib_name)):
                     ffi_lib = lib_name
+                    self.use_system_libffi = True
                     break
 
         if ffi_inc and ffi_lib:
@@ -2043,7 +2053,8 @@
 
             ext.include_dirs.append(ffi_inc)
             ext.libraries.append(ffi_lib)
-            self.use_system_libffi = True
+            if ffi_lib_dir:
+                ext.library_dirs.append(ffi_lib_dir)
 
         if sysconfig.get_config_var('HAVE_LIBDL'):
             # for dlopen, see bpo-32647
